TN:
SF:src\App.js
FN:35,(anonymous_0)
FN:36,(anonymous_1)
FN:37,(anonymous_2)
FN:38,(anonymous_3)
FN:39,(anonymous_4)
FN:41,(anonymous_5)
FN:46,App
FN:53,(anonymous_7)
FN:54,(anonymous_8)
FN:58,(anonymous_9)
FN:68,(anonymous_10)
FN:69,(anonymous_11)
FN:77,(anonymous_12)
FN:83,(anonymous_13)
FN:84,(anonymous_14)
FN:91,(anonymous_15)
FN:106,(anonymous_16)
FN:127,(anonymous_17)
FNF:18
FNH:0
FNDA:0,(anonymous_0)
FNDA:0,(anonymous_1)
FNDA:0,(anonymous_2)
FNDA:0,(anonymous_3)
FNDA:0,(anonymous_4)
FNDA:0,(anonymous_5)
FNDA:0,App
FNDA:0,(anonymous_7)
FNDA:0,(anonymous_8)
FNDA:0,(anonymous_9)
FNDA:0,(anonymous_10)
FNDA:0,(anonymous_11)
FNDA:0,(anonymous_12)
FNDA:0,(anonymous_13)
FNDA:0,(anonymous_14)
FNDA:0,(anonymous_15)
FNDA:0,(anonymous_16)
FNDA:0,(anonymous_17)
DA:35,0
DA:36,0
DA:37,0
DA:38,0
DA:39,0
DA:41,0
DA:42,0
DA:43,0
DA:47,0
DA:48,0
DA:50,0
DA:52,0
DA:53,0
DA:54,0
DA:58,0
DA:59,0
DA:60,0
DA:61,0
DA:62,0
DA:64,0
DA:68,0
DA:69,0
DA:70,0
DA:71,0
DA:75,0
DA:77,0
DA:78,0
DA:83,0
DA:84,0
DA:85,0
DA:91,0
DA:92,0
DA:98,0
DA:99,0
DA:102,0
DA:103,0
DA:106,0
DA:107,0
DA:108,0
DA:112,0
DA:127,0
LF:41
LH:0
BRDA:62,0,0,0
BRDA:62,0,1,0
BRDA:70,1,0,0
BRDA:70,1,1,0
BRDA:102,2,0,0
BRDA:102,2,1,0
BRF:6
BRH:0
end_of_record
TN:
SF:src\index.js
FNF:0
FNH:0
DA:14,0
DA:16,0
DA:18,0
DA:34,0
LF:4
LH:0
BRF:0
BRH:0
end_of_record
TN:
SF:src\serviceWorkerRegistration.js
FN:14,(anonymous_0)
FN:20,register
FN:29,(anonymous_2)
FN:37,(anonymous_3)
FN:50,registerValidSW
FN:53,(anonymous_5)
FN:54,(anonymous_6)
FN:60,(anonymous_7)
FN:65,(anonymous_8)
FN:93,(anonymous_9)
FN:98,checkValidServiceWorker
FN:103,(anonymous_11)
FN:111,(anonymous_12)
FN:112,(anonymous_13)
FN:121,(anonymous_14)
FN:126,unregister
FN:129,(anonymous_16)
FN:132,(anonymous_17)
FNF:18
FNH:0
FNDA:0,(anonymous_0)
FNDA:0,register
FNDA:0,(anonymous_2)
FNDA:0,(anonymous_3)
FNDA:0,registerValidSW
FNDA:0,(anonymous_5)
FNDA:0,(anonymous_6)
FNDA:0,(anonymous_7)
FNDA:0,(anonymous_8)
FNDA:0,(anonymous_9)
FNDA:0,checkValidServiceWorker
FNDA:0,(anonymous_11)
FNDA:0,(anonymous_12)
FNDA:0,(anonymous_13)
FNDA:0,(anonymous_14)
FNDA:0,unregister
FNDA:0,(anonymous_16)
FNDA:0,(anonymous_17)
DA:4,0
DA:12,0
DA:14,0
DA:15,0
DA:16,0
DA:21,0
DA:23,0
DA:24,0
DA:26,0
DA:29,0
DA:30,0
DA:32,0
DA:34,0
DA:37,0
DA:38,0
DA:44,0
DA:51,0
DA:54,0
DA:55,0
DA:56,0
DA:57,0
DA:60,0
DA:61,0
DA:62,0
DA:63,0
DA:65,0
DA:66,0
DA:67,0
DA:71,0
DA:76,0
DA:77,0
DA:82,0
DA:85,0
DA:86,0
DA:94,0
DA:100,0
DA:105,0
DA:106,0
DA:111,0
DA:112,0
DA:113,0
DA:118,0
DA:122,0
DA:127,0
DA:128,0
DA:130,0
DA:133,0
LF:47
LH:0
BRDA:5,0,0,0
BRDA:5,0,1,0
BRDA:5,0,2,0
BRDA:15,1,0,0
BRDA:15,1,1,0
BRDA:21,2,0,0
BRDA:21,2,1,0
BRDA:21,3,0,0
BRDA:21,3,1,0
BRDA:24,4,0,0
BRDA:24,4,1,0
BRDA:32,5,0,0
BRDA:32,5,1,0
BRDA:55,6,0,0
BRDA:55,6,1,0
BRDA:55,7,0,0
BRDA:55,7,1,0
BRDA:62,8,0,0
BRDA:62,8,1,0
BRDA:66,9,0,0
BRDA:66,9,1,0
BRDA:67,10,0,0
BRDA:67,10,1,0
BRDA:76,11,0,0
BRDA:76,11,1,0
BRDA:76,12,0,0
BRDA:76,12,1,0
BRDA:85,13,0,0
BRDA:85,13,1,0
BRDA:85,14,0,0
BRDA:85,14,1,0
BRDA:106,15,0,0
BRDA:106,15,1,0
BRDA:107,16,0,0
BRDA:107,16,1,0
BRDA:107,16,2,0
BRDA:127,17,0,0
BRDA:127,17,1,0
BRF:38
BRH:0
end_of_record
TN:
SF:src\test-utils.js
FN:6,renderWithRouter
FN:8,(anonymous_1)
FN:13,renderWithAuth
FN:15,(anonymous_3)
FNF:4
FNH:0
FNDA:0,renderWithRouter
FNDA:0,(anonymous_1)
FNDA:0,renderWithAuth
FNDA:0,(anonymous_3)
DA:7,0
DA:8,0
DA:14,0
DA:16,0
LF:4
LH:0
BRDA:6,0,0,0
BRDA:13,1,0,0
BRF:2
BRH:0
end_of_record
TN:
SF:src\validation.js
FN:2,(anonymous_0)
FN:3,(anonymous_1)
FN:4,(anonymous_2)
FN:5,(anonymous_3)
FN:6,(anonymous_4)
FN:12,(anonymous_5)
FN:18,(anonymous_6)
FN:19,(anonymous_7)
FN:20,(anonymous_8)
FN:25,(anonymous_9)
FN:25,(anonymous_10)
FN:26,(anonymous_11)
FN:26,(anonymous_12)
FNF:13
FNH:0
FNDA:0,(anonymous_0)
FNDA:0,(anonymous_1)
FNDA:0,(anonymous_2)
FNDA:0,(anonymous_3)
FNDA:0,(anonymous_4)
FNDA:0,(anonymous_5)
FNDA:0,(anonymous_6)
FNDA:0,(anonymous_7)
FNDA:0,(anonymous_8)
FNDA:0,(anonymous_9)
FNDA:0,(anonymous_10)
FNDA:0,(anonymous_11)
FNDA:0,(anonymous_12)
DA:1,0
DA:2,0
DA:3,0
DA:4,0
DA:5,0
DA:7,0
DA:8,0
DA:9,0
DA:10,0
DA:13,0
DA:14,0
DA:15,0
DA:16,0
DA:18,0
DA:19,0
DA:21,0
DA:22,0
DA:23,0
DA:25,0
DA:26,0
LF:20
LH:0
BRDA:2,0,0,0
BRDA:2,0,1,0
BRDA:3,1,0,0
BRDA:3,1,1,0
BRDA:4,2,0,0
BRDA:4,2,1,0
BRDA:4,2,2,0
BRDA:5,3,0,0
BRDA:5,3,1,0
BRDA:5,3,2,0
BRDA:7,4,0,0
BRDA:7,4,1,0
BRDA:7,5,0,0
BRDA:7,5,1,0
BRDA:8,6,0,0
BRDA:8,6,1,0
BRDA:9,7,0,0
BRDA:9,7,1,0
BRDA:13,8,0,0
BRDA:13,8,1,0
BRDA:13,9,0,0
BRDA:13,9,1,0
BRDA:14,10,0,0
BRDA:14,10,1,0
BRDA:15,11,0,0
BRDA:15,11,1,0
BRDA:18,12,0,0
BRDA:18,12,1,0
BRDA:18,12,2,0
BRDA:19,13,0,0
BRDA:19,13,1,0
BRDA:21,14,0,0
BRDA:21,14,1,0
BRDA:21,15,0,0
BRDA:21,15,1,0
BRDA:22,16,0,0
BRDA:22,16,1,0
BRDA:25,17,0,0
BRDA:25,17,1,0
BRDA:25,17,2,0
BRDA:26,18,0,0
BRDA:26,18,1,0
BRDA:26,18,2,0
BRF:43
BRH:0
end_of_record
TN:
SF:src\Pages\ApiDocs.js
FN:91,(anonymous_0)
FN:108,(anonymous_1)
FN:109,(anonymous_2)
FN:112,(anonymous_3)
FN:119,(anonymous_4)
FN:141,(anonymous_5)
FN:155,(anonymous_6)
FN:157,(anonymous_7)
FN:178,(anonymous_8)
FN:204,(anonymous_9)
FN:267,(anonymous_10)
FN:304,(anonymous_11)
FN:413,(anonymous_12)
FN:434,(anonymous_13)
FN:442,(anonymous_14)
FN:460,(anonymous_15)
FN:468,(anonymous_16)
FN:485,(anonymous_17)
FN:494,(anonymous_18)
FN:512,(anonymous_19)
FN:521,(anonymous_20)
FNF:21
FNH:0
FNDA:0,(anonymous_0)
FNDA:0,(anonymous_1)
FNDA:0,(anonymous_2)
FNDA:0,(anonymous_3)
FNDA:0,(anonymous_4)
FNDA:0,(anonymous_5)
FNDA:0,(anonymous_6)
FNDA:0,(anonymous_7)
FNDA:0,(anonymous_8)
FNDA:0,(anonymous_9)
FNDA:0,(anonymous_10)
FNDA:0,(anonymous_11)
FNDA:0,(anonymous_12)
FNDA:0,(anonymous_13)
FNDA:0,(anonymous_14)
FNDA:0,(anonymous_15)
FNDA:0,(anonymous_16)
FNDA:0,(anonymous_17)
FNDA:0,(anonymous_18)
FNDA:0,(anonymous_19)
FNDA:0,(anonymous_20)
DA:18,0
DA:91,0
DA:92,0
DA:93,0
DA:95,0
DA:96,0
DA:105,0
DA:106,0
DA:108,0
DA:109,0
DA:112,0
DA:113,0
DA:114,0
DA:117,0
DA:119,0
DA:120,0
DA:121,0
DA:128,0
DA:130,0
DA:131,0
DA:132,0
DA:139,0
DA:140,0
DA:141,0
DA:143,0
DA:144,0
DA:147,0
DA:148,0
DA:149,0
DA:155,0
DA:156,0
DA:157,0
DA:159,0
DA:160,0
DA:163,0
DA:164,0
DA:165,0
DA:166,0
DA:167,0
DA:169,0
DA:170,0
DA:176,0
DA:177,0
DA:178,0
DA:180,0
DA:181,0
DA:184,0
DA:185,0
DA:186,0
DA:194,0
DA:195,0
DA:196,0
DA:199,0
DA:202,0
DA:203,0
DA:204,0
DA:207,0
DA:208,0
DA:212,0
DA:268,0
DA:305,0
DA:413,0
DA:434,0
DA:442,0
DA:460,0
DA:468,0
DA:485,0
DA:494,0
DA:512,0
DA:521,0
LF:70
LH:0
BRDA:128,0,0,0
BRDA:128,0,1,0
BRDA:128,0,2,0
BRDA:128,0,3,0
BRDA:128,0,4,0
BRDA:130,1,0,0
BRDA:130,1,1,0
BRDA:131,2,0,0
BRDA:131,2,1,0
BRDA:140,3,0,0
BRDA:140,3,1,0
BRDA:147,4,0,0
BRDA:147,4,1,0
BRDA:148,5,0,0
BRDA:148,5,1,0
BRDA:156,6,0,0
BRDA:156,6,1,0
BRDA:163,7,0,0
BRDA:163,7,1,0
BRDA:164,8,0,0
BRDA:164,8,1,0
BRDA:169,9,0,0
BRDA:169,9,1,0
BRDA:177,10,0,0
BRDA:177,10,1,0
BRDA:184,11,0,0
BRDA:184,11,1,0
BRDA:185,12,0,0
BRDA:185,12,1,0
BRDA:221,13,0,0
BRDA:221,13,1,0
BRDA:427,14,0,0
BRDA:427,14,1,0
BRDA:453,15,0,0
BRDA:453,15,1,0
BRDA:478,16,0,0
BRDA:478,16,1,0
BRDA:505,17,0,0
BRDA:505,17,1,0
BRDA:534,18,0,0
BRDA:534,18,1,0
BRDA:561,19,0,0
BRDA:561,19,1,0
BRDA:564,20,0,0
BRDA:564,20,1,0
BRDA:567,21,0,0
BRDA:567,21,1,0
BRDA:570,22,0,0
BRDA:570,22,1,0
BRDA:578,23,0,0
BRDA:578,23,1,0
BRDA:583,24,0,0
BRDA:583,24,1,0
BRF:53
BRH:0
end_of_record
TN:
SF:src\Pages\HelpCenter.js
FN:156,(anonymous_0)
FN:162,(anonymous_1)
FN:165,(anonymous_2)
FN:201,(anonymous_3)
FN:266,(anonymous_4)
FN:359,(anonymous_5)
FN:509,(anonymous_6)
FN:573,(anonymous_7)
FN:587,(anonymous_8)
FNF:9
FNH:0
FNDA:0,(anonymous_0)
FNDA:0,(anonymous_1)
FNDA:0,(anonymous_2)
FNDA:0,(anonymous_3)
FNDA:0,(anonymous_4)
FNDA:0,(anonymous_5)
FNDA:0,(anonymous_6)
FNDA:0,(anonymous_7)
FNDA:0,(anonymous_8)
DA:38,0
DA:113,0
DA:156,0
DA:157,0
DA:158,0
DA:159,0
DA:160,0
DA:162,0
DA:163,0
DA:165,0
DA:166,0
DA:167,0
DA:172,0
DA:202,0
DA:267,0
DA:360,0
DA:510,0
DA:574,0
DA:587,0
LF:19
LH:0
BRDA:163,0,0,0
BRDA:163,0,1,0
BRDA:180,1,0,0
BRDA:180,1,1,0
BRDA:188,2,0,0
BRDA:188,2,1,0
BRDA:298,3,0,0
BRDA:298,3,1,0
BRDA:306,4,0,0
BRDA:306,4,1,0
BRDA:364,5,0,0
BRDA:364,5,1,0
BRDA:514,6,0,0
BRDA:514,6,1,0
BRDA:537,7,0,0
BRDA:537,7,1,0
BRDA:578,8,0,0
BRDA:578,8,1,0
BRDA:581,9,0,0
BRDA:581,9,1,0
BRDA:609,10,0,0
BRDA:609,10,1,0
BRDA:618,11,0,0
BRDA:618,11,1,0
BRDA:623,12,0,0
BRDA:623,12,1,0
BRDA:650,13,0,0
BRDA:650,13,1,0
BRDA:662,14,0,0
BRDA:662,14,1,0
BRDA:671,15,0,0
BRDA:671,15,1,0
BRF:32
BRH:0
end_of_record
TN:
SF:src\Pages\NotFoundPage.jsx
FN:5,(anonymous_0)
FNF:1
FNH:0
FNDA:0,(anonymous_0)
DA:5,0
DA:6,0
LF:2
LH:0
BRF:0
BRH:0
end_of_record
TN:
SF:src\Pages\Privacy.js
FN:16,(anonymous_0)
FN:21,(anonymous_1)
FN:22,(anonymous_2)
FN:51,(anonymous_3)
FN:151,(anonymous_4)
FN:161,(anonymous_5)
FNF:6
FNH:0
FNDA:0,(anonymous_0)
FNDA:0,(anonymous_1)
FNDA:0,(anonymous_2)
FNDA:0,(anonymous_3)
FNDA:0,(anonymous_4)
FNDA:0,(anonymous_5)
DA:16,0
DA:17,0
DA:18,0
DA:19,0
DA:21,0
DA:22,0
DA:28,0
DA:39,0
DA:51,0
DA:52,0
DA:53,0
DA:56,0
DA:95,0
DA:152,0
DA:161,0
LF:15
LH:0
BRDA:173,0,0,0
BRDA:173,0,1,0
BRDA:184,1,0,0
BRDA:184,1,1,0
BRDA:185,2,0,0
BRDA:185,2,1,0
BRF:6
BRH:0
end_of_record
TN:
SF:src\Pages\RegistrationPage.jsx
FN:14,(anonymous_0)
FN:31,(anonymous_1)
FN:48,(anonymous_2)
FN:50,(anonymous_3)
FN:53,(anonymous_4)
FN:57,(anonymous_5)
FN:87,(anonymous_6)
FN:95,(anonymous_7)
FN:101,(anonymous_8)
FN:116,(anonymous_9)
FN:121,(anonymous_10)
FN:136,(anonymous_11)
FN:161,(anonymous_12)
FN:167,(anonymous_13)
FNF:14
FNH:9
FNDA:2,(anonymous_0)
FNDA:221,(anonymous_1)
FNDA:190,(anonymous_2)
FNDA:190,(anonymous_3)
FNDA:0,(anonymous_4)
FNDA:11,(anonymous_5)
FNDA:11,(anonymous_6)
FNDA:5,(anonymous_7)
FNDA:0,(anonymous_8)
FNDA:3,(anonymous_9)
FNDA:2,(anonymous_10)
FNDA:0,(anonymous_11)
FNDA:0,(anonymous_12)
FNDA:0,(anonymous_13)
DA:14,1
DA:16,2
DA:21,2
DA:25,1
DA:28,1
DA:31,1
DA:32,221
DA:33,221
DA:34,221
DA:35,221
DA:44,221
DA:45,221
DA:46,221
DA:48,221
DA:49,190
DA:50,190
DA:52,190
DA:53,0
DA:57,221
DA:58,11
DA:61,11
DA:62,4
DA:63,7
DA:64,1
DA:68,11
DA:69,11
DA:70,5
DA:71,6
DA:72,1
DA:76,11
DA:77,11
DA:78,6
DA:79,5
DA:80,0
DA:83,11
DA:84,11
DA:87,221
DA:88,11
DA:90,11
DA:91,6
DA:94,5
DA:95,5
DA:97,5
DA:100,5
DA:101,0
DA:109,5
DA:114,3
DA:115,3
DA:116,3
DA:117,3
DA:119,2
DA:121,2
DA:126,2
DA:127,1
DA:130,5
DA:136,221
DA:138,0
DA:141,221
DA:142,3
DA:161,0
DA:167,0
DA:178,218
LF:62
LH:56
BRDA:16,0,0,2
BRDA:16,0,1,1
BRDA:16,0,2,1
BRDA:16,0,3,0
BRDA:21,1,0,1
BRDA:21,1,1,1
BRDA:22,2,0,2
BRDA:22,2,1,1
BRDA:28,3,0,1
BRDA:28,3,1,0
BRDA:34,4,0,221
BRDA:52,5,0,0
BRDA:52,5,1,190
BRDA:61,6,0,4
BRDA:61,6,1,7
BRDA:63,7,0,1
BRDA:63,7,1,6
BRDA:69,8,0,5
BRDA:69,8,1,6
BRDA:71,9,0,1
BRDA:71,9,1,5
BRDA:77,10,0,6
BRDA:77,10,1,5
BRDA:79,11,0,0
BRDA:79,11,1,5
BRDA:90,12,0,6
BRDA:90,12,1,5
BRDA:100,13,0,0
BRDA:100,13,1,5
BRDA:126,14,0,1
BRDA:126,14,1,1
BRDA:141,15,0,3
BRDA:141,15,1,218
BRDA:201,16,0,218
BRDA:201,16,1,2
BRDA:230,17,0,5
BRDA:230,17,1,213
BRDA:234,18,0,5
BRDA:234,18,1,213
BRDA:238,19,0,218
BRDA:238,19,1,5
BRDA:268,20,0,6
BRDA:268,20,1,212
BRDA:272,21,0,6
BRDA:272,21,1,212
BRDA:275,22,0,218
BRDA:275,22,1,6
BRDA:305,23,0,6
BRDA:305,23,1,212
BRDA:309,24,0,6
BRDA:309,24,1,212
BRDA:312,25,0,218
BRDA:312,25,1,6
BRDA:391,26,0,5
BRDA:391,26,1,213
BRF:55
BRH:50
end_of_record
TN:
SF:src\Pages\Settings.js
FN:9,(anonymous_0)
FN:21,(anonymous_1)
FN:35,(anonymous_2)
FN:37,(anonymous_3)
FN:53,(anonymous_4)
FN:68,(anonymous_5)
FN:74,(anonymous_6)
FN:134,(anonymous_7)
FN:175,(anonymous_8)
FN:175,(anonymous_9)
FN:208,(anonymous_10)
FN:208,(anonymous_11)
FN:268,(anonymous_12)
FN:339,(anonymous_13)
FNF:14
FNH:0
FNDA:0,(anonymous_0)
FNDA:0,(anonymous_1)
FNDA:0,(anonymous_2)
FNDA:0,(anonymous_3)
FNDA:0,(anonymous_4)
FNDA:0,(anonymous_5)
FNDA:0,(anonymous_6)
FNDA:0,(anonymous_7)
FNDA:0,(anonymous_8)
FNDA:0,(anonymous_9)
FNDA:0,(anonymous_10)
FNDA:0,(anonymous_11)
FNDA:0,(anonymous_12)
FNDA:0,(anonymous_13)
DA:9,0
DA:10,0
DA:11,0
DA:14,0
DA:15,0
DA:19,0
DA:21,0
DA:22,0
DA:23,0
DA:24,0
DA:31,0
DA:32,0
DA:33,0
DA:35,0
DA:36,0
DA:37,0
DA:38,0
DA:46,0
DA:47,0
DA:48,0
DA:49,0
DA:52,0
DA:53,0
DA:54,0
DA:57,0
DA:62,0
DA:63,0
DA:64,0
DA:68,0
DA:69,0
DA:70,0
DA:71,0
DA:74,0
DA:75,0
DA:76,0
DA:77,0
DA:78,0
DA:79,0
DA:80,0
DA:81,0
DA:82,0
DA:83,0
DA:84,0
DA:85,0
DA:88,0
DA:134,0
DA:175,0
DA:208,0
DA:268,0
DA:340,0
DA:341,0
DA:342,0
DA:343,0
DA:344,0
DA:346,0
LF:55
LH:0
BRDA:22,0,0,0
BRDA:22,0,1,0
BRDA:69,1,0,0
BRDA:69,1,1,0
BRDA:75,2,0,0
BRDA:75,2,1,0
BRDA:117,3,0,0
BRDA:117,3,1,0
BRDA:122,4,0,0
BRDA:122,4,1,0
BRDA:127,5,0,0
BRDA:127,5,1,0
BRDA:148,6,0,0
BRDA:148,6,1,0
BRDA:154,7,0,0
BRDA:154,7,1,0
BRDA:177,8,0,0
BRDA:177,8,1,0
BRDA:184,9,0,0
BRDA:184,9,1,0
BRDA:209,10,0,0
BRDA:209,10,1,0
BRDA:215,11,0,0
BRDA:215,11,1,0
BRDA:241,12,0,0
BRDA:241,12,1,0
BRDA:250,13,0,0
BRDA:250,13,1,0
BRDA:270,14,0,0
BRDA:270,14,1,0
BRDA:272,15,0,0
BRDA:272,15,1,0
BRDA:298,16,0,0
BRDA:298,16,1,0
BRDA:313,17,0,0
BRDA:313,17,1,0
BRF:36
BRH:0
end_of_record
TN:
SF:src\Pages\Terms.js
FN:49,(anonymous_0)
FN:108,(anonymous_1)
FN:219,(anonymous_2)
FN:293,(anonymous_3)
FN:299,(anonymous_4)
FN:300,(anonymous_5)
FN:301,(anonymous_6)
FN:304,(anonymous_7)
FN:305,(anonymous_8)
FN:311,(anonymous_9)
FN:314,(anonymous_10)
FN:314,(anonymous_11)
FN:441,(anonymous_12)
FN:447,(anonymous_13)
FN:469,(anonymous_14)
FN:481,(anonymous_15)
FN:486,(anonymous_16)
FNF:17
FNH:0
FNDA:0,(anonymous_0)
FNDA:0,(anonymous_1)
FNDA:0,(anonymous_2)
FNDA:0,(anonymous_3)
FNDA:0,(anonymous_4)
FNDA:0,(anonymous_5)
FNDA:0,(anonymous_6)
FNDA:0,(anonymous_7)
FNDA:0,(anonymous_8)
FNDA:0,(anonymous_9)
FNDA:0,(anonymous_10)
FNDA:0,(anonymous_11)
FNDA:0,(anonymous_12)
FNDA:0,(anonymous_13)
FNDA:0,(anonymous_14)
FNDA:0,(anonymous_15)
FNDA:0,(anonymous_16)
DA:5,0
DA:50,0
DA:109,0
DA:173,0
DA:219,0
DA:220,0
DA:221,0
DA:223,0
DA:293,0
DA:294,0
DA:295,0
DA:296,0
DA:297,0
DA:299,0
DA:300,0
DA:301,0
DA:304,0
DA:305,0
DA:306,0
DA:307,0
DA:308,0
DA:310,0
DA:311,0
DA:314,0
DA:316,0
DA:442,0
DA:443,0
DA:444,0
DA:448,0
DA:449,0
DA:469,0
DA:482,0
DA:486,0
LF:33
LH:0
BRDA:227,0,0,0
BRDA:227,0,1,0
BRDA:228,1,0,0
BRDA:228,1,1,0
BRDA:234,2,0,0
BRDA:234,2,1,0
BRDA:238,3,0,0
BRDA:238,3,1,0
BRDA:267,4,0,0
BRDA:267,4,1,0
BRDA:279,5,0,0
BRDA:279,5,1,0
BRDA:279,6,0,0
BRDA:279,6,1,0
BRDA:314,7,0,0
BRDA:314,7,1,0
BRDA:343,8,0,0
BRDA:343,8,1,0
BRDA:344,9,0,0
BRDA:344,9,1,0
BRDA:395,10,0,0
BRDA:395,10,1,0
BRDA:396,11,0,0
BRDA:396,11,1,0
BRDA:429,12,0,0
BRDA:429,12,1,0
BRDA:430,13,0,0
BRDA:430,13,1,0
BRDA:452,14,0,0
BRDA:452,14,1,0
BRDA:457,15,0,0
BRDA:457,15,1,0
BRDA:500,16,0,0
BRDA:500,16,1,0
BRDA:501,17,0,0
BRDA:501,17,1,0
BRF:36
BRH:0
end_of_record
TN:
SF:src\Pages\UserAchievements.jsx
FN:24,UserAchievements
FN:30,(anonymous_1)
FN:99,(anonymous_2)
FN:114,(anonymous_3)
FN:132,(anonymous_4)
FN:136,(anonymous_5)
FN:142,(anonymous_6)
FN:148,(anonymous_7)
FN:170,(anonymous_8)
FN:395,(anonymous_9)
FN:429,(anonymous_10)
FN:441,(anonymous_11)
FN:520,(anonymous_12)
FN:531,(anonymous_13)
FN:537,(anonymous_14)
FN:583,(anonymous_15)
FN:626,(anonymous_16)
FN:633,(anonymous_17)
FN:641,(anonymous_18)
FNF:19
FNH:0
FNDA:0,UserAchievements
FNDA:0,(anonymous_1)
FNDA:0,(anonymous_2)
FNDA:0,(anonymous_3)
FNDA:0,(anonymous_4)
FNDA:0,(anonymous_5)
FNDA:0,(anonymous_6)
FNDA:0,(anonymous_7)
FNDA:0,(anonymous_8)
FNDA:0,(anonymous_9)
FNDA:0,(anonymous_10)
FNDA:0,(anonymous_11)
FNDA:0,(anonymous_12)
FNDA:0,(anonymous_13)
FNDA:0,(anonymous_14)
FNDA:0,(anonymous_15)
FNDA:0,(anonymous_16)
FNDA:0,(anonymous_17)
FNDA:0,(anonymous_18)
DA:25,0
DA:26,0
DA:27,0
DA:28,0
DA:30,0
DA:31,0
DA:35,0
DA:98,0
DA:99,0
DA:114,0
DA:115,0
DA:116,0
DA:119,0
DA:122,0
DA:123,0
DA:124,0
DA:125,0
DA:128,0
DA:129,0
DA:130,0
DA:132,0
DA:133,0
DA:136,0
DA:137,0
DA:138,0
DA:139,0
DA:142,0
DA:143,0
DA:144,0
DA:145,0
DA:148,0
DA:149,0
DA:150,0
DA:151,0
DA:153,0
DA:154,0
DA:155,0
DA:157,0
DA:160,0
DA:161,0
DA:162,0
DA:164,0
DA:170,0
DA:171,0
DA:179,0
DA:180,0
DA:181,0
DA:182,0
DA:183,0
DA:184,0
DA:185,0
DA:186,0
DA:187,0
DA:191,0
DA:197,0
DA:396,0
DA:430,0
DA:432,0
DA:441,0
DA:521,0
DA:531,0
DA:537,0
DA:583,0
DA:626,0
DA:633,0
DA:641,0
LF:66
LH:0
BRDA:41,0,0,0
BRDA:41,0,1,0
BRDA:43,1,0,0
BRDA:43,1,1,0
BRDA:53,2,0,0
BRDA:53,2,1,0
BRDA:55,3,0,0
BRDA:55,3,1,0
BRDA:65,4,0,0
BRDA:65,4,1,0
BRDA:67,5,0,0
BRDA:67,5,1,0
BRDA:77,6,0,0
BRDA:77,6,1,0
BRDA:79,7,0,0
BRDA:79,7,1,0
BRDA:89,8,0,0
BRDA:89,8,1,0
BRDA:91,9,0,0
BRDA:91,9,1,0
BRDA:98,10,0,0
BRDA:98,10,1,0
BRDA:98,11,0,0
BRDA:98,11,1,0
BRDA:100,12,0,0
BRDA:100,12,1,0
BRDA:103,13,0,0
BRDA:103,13,1,0
BRDA:104,14,0,0
BRDA:104,14,1,0
BRDA:115,15,0,0
BRDA:115,15,1,0
BRDA:116,16,0,0
BRDA:116,16,1,0
BRDA:133,17,0,0
BRDA:133,17,1,0
BRDA:153,18,0,0
BRDA:153,18,1,0
BRDA:379,19,0,0
BRDA:379,19,1,0
BRDA:399,20,0,0
BRDA:399,20,1,0
BRDA:406,21,0,0
BRDA:406,21,1,0
BRDA:437,22,0,0
BRDA:437,22,1,0
BRDA:446,23,0,0
BRDA:446,23,1,0
BRDA:449,24,0,0
BRDA:449,24,1,0
BRDA:472,25,0,0
BRDA:472,25,1,0
BRDA:481,26,0,0
BRDA:481,26,1,0
BRDA:509,27,0,0
BRDA:509,27,1,0
BRDA:520,28,0,0
BRDA:520,28,1,0
BRDA:530,29,0,0
BRDA:530,29,1,0
BRDA:548,30,0,0
BRDA:548,30,1,0
BRDA:573,31,0,0
BRDA:573,31,1,0
BRF:64
BRH:0
end_of_record
TN:
SF:src\Pages\About\AboutCTA .js
FN:6,(anonymous_0)
FN:18,(anonymous_1)
FNF:2
FNH:0
FNDA:0,(anonymous_0)
FNDA:0,(anonymous_1)
DA:6,0
DA:8,0
DA:10,0
DA:19,0
LF:4
LH:0
BRF:0
BRH:0
end_of_record
TN:
SF:src\Pages\About\AboutPage.js
FN:4,(anonymous_0)
FNF:1
FNH:0
FNDA:0,(anonymous_0)
DA:4,0
DA:5,0
DA:6,0
LF:3
LH:0
BRF:0
BRH:0
end_of_record
TN:
SF:src\Pages\About\DocumentationPage.js
FN:26,DocumentationPage
FN:94,(anonymous_1)
FN:441,(anonymous_2)
FN:445,(anonymous_3)
FNF:4
FNH:0
FNDA:0,DocumentationPage
FNDA:0,(anonymous_1)
FNDA:0,(anonymous_2)
FNDA:0,(anonymous_3)
DA:27,0
DA:28,0
DA:32,0
DA:91,0
DA:92,0
DA:94,0
DA:95,0
DA:97,0
DA:442,0
DA:445,0
LF:10
LH:0
BRDA:95,0,0,0
BRDA:95,0,1,0
BRDA:456,1,0,0
BRDA:456,1,1,0
BRDA:463,2,0,0
BRDA:463,2,1,0
BRF:6
BRH:0
end_of_record
TN:
SF:src\Pages\About\Features.js
FN:73,Features
FN:119,(anonymous_1)
FNF:2
FNH:0
FNDA:0,Features
FNDA:0,(anonymous_1)
DA:14,0
DA:22,0
DA:28,0
DA:74,0
DA:120,0
LF:5
LH:0
BRDA:150,0,0,0
BRDA:150,0,1,0
BRF:2
BRH:0
end_of_record
TN:
SF:src\Pages\About\MissionVision.js
FN:14,MissionVision
FNF:1
FNH:0
FNDA:0,MissionVision
DA:4,0
DA:9,0
DA:15,0
LF:3
LH:0
BRF:0
BRH:0
end_of_record
TN:
SF:src\Pages\About\ModernAbout.js
FN:64,ModernAbout
FN:68,(anonymous_1)
FN:72,(anonymous_2)
FN:74,(anonymous_3)
FN:77,(anonymous_4)
FN:156,(anonymous_5)
FN:183,MissionSection
FN:188,(anonymous_7)
FN:225,(anonymous_8)
FNF:9
FNH:0
FNDA:0,ModernAbout
FNDA:0,(anonymous_1)
FNDA:0,(anonymous_2)
FNDA:0,(anonymous_3)
FNDA:0,(anonymous_4)
FNDA:0,(anonymous_5)
FNDA:0,MissionSection
FNDA:0,(anonymous_7)
FNDA:0,(anonymous_8)
DA:9,0
DA:20,0
DA:29,0
DA:34,0
DA:39,0
DA:47,0
DA:51,0
DA:57,0
DA:65,0
DA:66,0
DA:68,0
DA:69,0
DA:70,0
DA:72,0
DA:73,0
DA:74,0
DA:77,0
DA:84,0
DA:157,0
DA:184,0
DA:185,0
DA:186,0
DA:188,0
DA:189,0
DA:192,0
DA:226,0
LF:26
LH:0
BRDA:81,0,0,0
BRDA:81,0,1,0
BRDA:90,1,0,0
BRDA:90,1,1,0
BRDA:96,2,0,0
BRDA:96,2,1,0
BRDA:102,3,0,0
BRDA:102,3,1,0
BRDA:108,4,0,0
BRDA:108,4,1,0
BRDA:160,5,0,0
BRDA:160,5,1,0
BRDA:165,6,0,0
BRDA:165,6,1,0
BRDA:229,7,0,0
BRDA:229,7,1,0
BRDA:247,8,0,0
BRDA:247,8,1,0
BRF:18
BRH:0
end_of_record
TN:
SF:src\Pages\Calendar\CalendarPage.jsx
FN:39,(anonymous_0)
FN:44,(anonymous_1)
FN:71,(anonymous_2)
FN:83,(anonymous_3)
FN:112,(anonymous_4)
FN:114,(anonymous_5)
FN:129,(anonymous_6)
FN:139,(anonymous_7)
FN:147,(anonymous_8)
FN:154,(anonymous_9)
FN:165,(anonymous_10)
FN:170,(anonymous_11)
FN:170,(anonymous_12)
FN:175,(anonymous_13)
FN:176,(anonymous_14)
FN:184,(anonymous_15)
FN:186,(anonymous_16)
FN:187,(anonymous_17)
FN:192,(anonymous_18)
FN:193,(anonymous_19)
FN:204,(anonymous_20)
FN:207,(anonymous_21)
FN:217,(anonymous_22)
FN:226,(anonymous_23)
FN:227,(anonymous_24)
FN:236,(anonymous_25)
FN:240,(anonymous_26)
FN:247,(anonymous_27)
FN:256,(anonymous_28)
FN:366,(anonymous_29)
FNF:30
FNH:0
FNDA:0,(anonymous_0)
FNDA:0,(anonymous_1)
FNDA:0,(anonymous_2)
FNDA:0,(anonymous_3)
FNDA:0,(anonymous_4)
FNDA:0,(anonymous_5)
FNDA:0,(anonymous_6)
FNDA:0,(anonymous_7)
FNDA:0,(anonymous_8)
FNDA:0,(anonymous_9)
FNDA:0,(anonymous_10)
FNDA:0,(anonymous_11)
FNDA:0,(anonymous_12)
FNDA:0,(anonymous_13)
FNDA:0,(anonymous_14)
FNDA:0,(anonymous_15)
FNDA:0,(anonymous_16)
FNDA:0,(anonymous_17)
FNDA:0,(anonymous_18)
FNDA:0,(anonymous_19)
FNDA:0,(anonymous_20)
FNDA:0,(anonymous_21)
FNDA:0,(anonymous_22)
FNDA:0,(anonymous_23)
FNDA:0,(anonymous_24)
FNDA:0,(anonymous_25)
FNDA:0,(anonymous_26)
FNDA:0,(anonymous_27)
FNDA:0,(anonymous_28)
FNDA:0,(anonymous_29)
DA:32,0
DA:36,0
DA:39,0
DA:44,0
DA:45,0
DA:46,0
DA:48,0
DA:49,0
DA:50,0
DA:51,0
DA:52,0
DA:54,0
DA:55,0
DA:57,0
DA:60,0
DA:61,0
DA:62,0
DA:68,0
DA:71,0
DA:72,0
DA:73,0
DA:74,0
DA:76,0
DA:77,0
DA:79,0
DA:80,0
DA:83,0
DA:84,0
DA:85,0
DA:86,0
DA:88,0
DA:89,0
DA:91,0
DA:92,0
DA:94,0
DA:95,0
DA:97,0
DA:98,0
DA:101,0
DA:102,0
DA:105,0
DA:112,0
DA:114,0
DA:115,0
DA:117,0
DA:118,0
DA:119,0
DA:121,0
DA:122,0
DA:123,0
DA:126,0
DA:129,0
DA:130,0
DA:139,0
DA:147,0
DA:154,0
DA:165,0
DA:166,0
DA:167,0
DA:169,0
DA:170,0
DA:174,0
DA:176,0
DA:177,0
DA:178,0
DA:183,0
DA:185,0
DA:186,0
DA:187,0
DA:191,0
DA:193,0
DA:204,0
DA:205,0
DA:207,0
DA:208,0
DA:209,0
DA:210,0
DA:217,0
DA:218,0
DA:219,0
DA:221,0
DA:226,0
DA:227,0
DA:230,0
DA:233,0
DA:234,0
DA:236,0
DA:237,0
DA:240,0
DA:241,0
DA:242,0
DA:246,0
DA:248,0
DA:249,0
DA:255,0
DA:257,0
DA:258,0
DA:259,0
DA:260,0
DA:267,0
DA:272,0
DA:367,0
LF:102
LH:0
BRDA:44,0,0,0
BRDA:45,1,0,0
BRDA:45,1,1,0
BRDA:46,2,0,0
BRDA:46,2,1,0
BRDA:49,3,0,0
BRDA:49,3,1,0
BRDA:54,4,0,0
BRDA:54,4,1,0
BRDA:54,5,0,0
BRDA:54,5,1,0
BRDA:55,6,0,0
BRDA:55,6,1,0
BRDA:55,7,0,0
BRDA:55,7,1,0
BRDA:61,8,0,0
BRDA:61,8,1,0
BRDA:72,9,0,0
BRDA:72,9,1,0
BRDA:74,10,0,0
BRDA:74,10,1,0
BRDA:77,11,0,0
BRDA:77,11,1,0
BRDA:84,12,0,0
BRDA:84,12,1,0
BRDA:85,13,0,0
BRDA:85,13,1,0
BRDA:85,13,2,0
BRDA:86,14,0,0
BRDA:86,14,1,0
BRDA:88,15,0,0
BRDA:88,15,1,0
BRDA:88,15,2,0
BRDA:89,16,0,0
BRDA:89,16,1,0
BRDA:92,17,0,0
BRDA:92,17,1,0
BRDA:97,18,0,0
BRDA:97,18,1,0
BRDA:98,19,0,0
BRDA:98,19,1,0
BRDA:101,20,0,0
BRDA:101,20,1,0
BRDA:106,21,0,0
BRDA:106,21,1,0
BRDA:107,22,0,0
BRDA:107,22,1,0
BRDA:115,23,0,0
BRDA:115,23,1,0
BRDA:115,24,0,0
BRDA:115,24,1,0
BRDA:177,25,0,0
BRDA:177,25,1,0
BRDA:178,26,0,0
BRDA:178,26,1,0
BRDA:208,27,0,0
BRDA:208,27,1,0
BRDA:218,28,0,0
BRDA:218,28,1,0
BRDA:234,29,0,0
BRDA:234,29,1,0
BRDA:241,30,0,0
BRDA:241,30,1,0
BRDA:248,31,0,0
BRDA:248,31,1,0
BRDA:261,32,0,0
BRDA:261,32,1,0
BRDA:262,33,0,0
BRDA:262,33,1,0
BRDA:297,34,0,0
BRDA:297,34,1,0
BRDA:303,35,0,0
BRDA:303,35,1,0
BRDA:303,36,0,0
BRDA:303,36,1,0
BRDA:348,37,0,0
BRDA:348,37,1,0
BRDA:353,38,0,0
BRDA:353,38,1,0
BRDA:359,39,0,0
BRDA:359,39,1,0
BRDA:359,40,0,0
BRDA:359,40,1,0
BRDA:365,41,0,0
BRDA:365,41,1,0
BRDA:365,42,0,0
BRDA:365,42,1,0
BRDA:379,43,0,0
BRDA:379,43,1,0
BRDA:379,43,2,0
BRDA:379,44,0,0
BRDA:379,44,1,0
BRDA:383,45,0,0
BRDA:383,45,1,0
BRDA:395,46,0,0
BRDA:395,46,1,0
BRF:96
BRH:0
end_of_record
TN:
SF:src\Pages\Calendar\MyCalendar.jsx
FN:36,(anonymous_0)
FN:46,(anonymous_1)
FN:50,(anonymous_2)
FN:55,(anonymous_3)
FN:60,(anonymous_4)
FN:61,(anonymous_5)
FN:81,(anonymous_6)
FN:85,(anonymous_7)
FN:97,(anonymous_8)
FN:111,(anonymous_9)
FN:123,(anonymous_10)
FN:124,(anonymous_11)
FN:136,(anonymous_12)
FN:145,(anonymous_13)
FN:146,(anonymous_14)
FN:158,(anonymous_15)
FN:160,(anonymous_16)
FN:161,(anonymous_17)
FN:190,(anonymous_18)
FN:202,(anonymous_19)
FN:218,(anonymous_20)
FN:252,(anonymous_21)
FN:261,(anonymous_22)
FN:339,(anonymous_23)
FN:355,(anonymous_24)
FN:365,(anonymous_25)
FN:393,(anonymous_26)
FN:422,(anonymous_27)
FN:478,(anonymous_28)
FN:508,(anonymous_29)
FN:549,(anonymous_30)
FN:589,(anonymous_31)
FNF:32
FNH:0
FNDA:0,(anonymous_0)
FNDA:0,(anonymous_1)
FNDA:0,(anonymous_2)
FNDA:0,(anonymous_3)
FNDA:0,(anonymous_4)
FNDA:0,(anonymous_5)
FNDA:0,(anonymous_6)
FNDA:0,(anonymous_7)
FNDA:0,(anonymous_8)
FNDA:0,(anonymous_9)
FNDA:0,(anonymous_10)
FNDA:0,(anonymous_11)
FNDA:0,(anonymous_12)
FNDA:0,(anonymous_13)
FNDA:0,(anonymous_14)
FNDA:0,(anonymous_15)
FNDA:0,(anonymous_16)
FNDA:0,(anonymous_17)
FNDA:0,(anonymous_18)
FNDA:0,(anonymous_19)
FNDA:0,(anonymous_20)
FNDA:0,(anonymous_21)
FNDA:0,(anonymous_22)
FNDA:0,(anonymous_23)
FNDA:0,(anonymous_24)
FNDA:0,(anonymous_25)
FNDA:0,(anonymous_26)
FNDA:0,(anonymous_27)
FNDA:0,(anonymous_28)
FNDA:0,(anonymous_29)
FNDA:0,(anonymous_30)
FNDA:0,(anonymous_31)
DA:27,0
DA:36,0
DA:37,0
DA:38,0
DA:39,0
DA:40,0
DA:41,0
DA:43,0
DA:44,0
DA:46,0
DA:47,0
DA:50,0
DA:51,0
DA:55,0
DA:56,0
DA:59,0
DA:60,0
DA:61,0
DA:63,0
DA:64,0
DA:65,0
DA:66,0
DA:68,0
DA:70,0
DA:71,0
DA:74,0
DA:78,0
DA:79,0
DA:81,0
DA:82,0
DA:85,0
DA:86,0
DA:89,0
DA:94,0
DA:97,0
DA:98,0
DA:99,0
DA:100,0
DA:101,0
DA:102,0
DA:103,0
DA:104,0
DA:105,0
DA:106,0
DA:107,0
DA:111,0
DA:112,0
DA:113,0
DA:114,0
DA:115,0
DA:116,0
DA:117,0
DA:118,0
DA:119,0
DA:123,0
DA:124,0
DA:125,0
DA:126,0
DA:128,0
DA:131,0
DA:136,0
DA:137,0
DA:145,0
DA:146,0
DA:147,0
DA:148,0
DA:150,0
DA:153,0
DA:158,0
DA:159,0
DA:160,0
DA:161,0
DA:164,0
DA:165,0
DA:167,0
DA:190,0
DA:202,0
DA:218,0
DA:254,0
DA:256,0
DA:262,0
DA:340,0
DA:356,0
DA:366,0
DA:369,0
DA:376,0
DA:379,0
DA:382,0
DA:389,0
DA:394,0
DA:427,0
DA:433,0
DA:479,0
DA:508,0
DA:550,0
DA:589,0
LF:96
LH:0
BRDA:56,0,0,0
BRDA:56,0,1,0
BRDA:65,1,0,0
BRDA:65,1,1,0
BRDA:70,2,0,0
BRDA:70,2,1,0
BRDA:98,3,0,0
BRDA:98,3,1,0
BRDA:99,4,0,0
BRDA:99,4,1,0
BRDA:102,5,0,0
BRDA:102,5,1,0
BRDA:103,6,0,0
BRDA:103,6,1,0
BRDA:104,7,0,0
BRDA:104,7,1,0
BRDA:105,8,0,0
BRDA:105,8,1,0
BRDA:106,9,0,0
BRDA:106,9,1,0
BRDA:106,10,0,0
BRDA:106,10,1,0
BRDA:112,11,0,0
BRDA:112,11,1,0
BRDA:114,12,0,0
BRDA:114,12,1,0
BRDA:115,13,0,0
BRDA:115,13,1,0
BRDA:116,14,0,0
BRDA:116,14,1,0
BRDA:117,15,0,0
BRDA:117,15,1,0
BRDA:118,16,0,0
BRDA:118,16,1,0
BRDA:118,17,0,0
BRDA:118,17,1,0
BRDA:125,18,0,0
BRDA:125,18,1,0
BRDA:128,19,0,0
BRDA:128,19,1,0
BRDA:128,19,2,0
BRDA:131,20,0,0
BRDA:131,20,1,0
BRDA:138,21,0,0
BRDA:138,21,1,0
BRDA:138,21,2,0
BRDA:147,22,0,0
BRDA:147,22,1,0
BRDA:150,23,0,0
BRDA:150,23,1,0
BRDA:150,23,2,0
BRDA:153,24,0,0
BRDA:153,24,1,0
BRDA:160,25,0,0
BRDA:160,25,1,0
BRDA:192,26,0,0
BRDA:192,26,1,0
BRDA:204,27,0,0
BRDA:204,27,1,0
BRDA:216,28,0,0
BRDA:216,28,1,0
BRDA:230,29,0,0
BRDA:230,29,1,0
BRDA:265,30,0,0
BRDA:265,30,1,0
BRDA:284,31,0,0
BRDA:284,31,1,0
BRDA:382,32,0,0
BRDA:382,32,1,0
BRDA:382,32,2,0
BRDA:399,33,0,0
BRDA:399,33,1,0
BRDA:401,34,0,0
BRDA:401,34,1,0
BRDA:408,35,0,0
BRDA:408,35,1,0
BRDA:416,36,0,0
BRDA:416,36,1,0
BRDA:437,37,0,0
BRDA:437,37,1,0
BRDA:475,38,0,0
BRDA:475,38,1,0
BRDA:487,39,0,0
BRDA:487,39,1,0
BRDA:500,40,0,0
BRDA:500,40,1,0
BRDA:548,41,0,0
BRDA:548,41,1,0
BRDA:557,42,0,0
BRDA:557,42,1,0
BRDA:581,43,0,0
BRDA:581,43,1,0
BRF:92
BRH:0
end_of_record
TN:
SF:src\Pages\Calendar\useCalendarEvents.js
FN:6,(anonymous_0)
FN:7,(anonymous_1)
FN:12,(anonymous_2)
FN:17,(anonymous_3)
FN:37,(anonymous_4)
FNF:5
FNH:0
FNDA:0,(anonymous_0)
FNDA:0,(anonymous_1)
FNDA:0,(anonymous_2)
FNDA:0,(anonymous_3)
FNDA:0,(anonymous_4)
DA:6,0
DA:7,0
DA:12,0
DA:13,0
DA:14,0
DA:15,0
DA:17,0
DA:18,0
DA:19,0
DA:21,0
DA:22,0
DA:23,0
DA:24,0
DA:26,0
DA:27,0
DA:29,0
DA:30,0
DA:33,0
DA:37,0
DA:38,0
DA:41,0
LF:21
LH:0
BRDA:6,0,0,0
BRDA:23,1,0,0
BRDA:23,1,1,0
BRDA:26,2,0,0
BRDA:26,2,1,0
BRDA:30,3,0,0
BRDA:30,3,1,0
BRF:7
BRH:0
end_of_record
TN:
SF:src\Pages\Contact\ContactUs.js
FN:9,(anonymous_0)
FN:70,(anonymous_1)
FN:71,(anonymous_2)
FN:97,(anonymous_3)
FN:112,(anonymous_4)
FN:116,(anonymous_5)
FN:155,(anonymous_6)
FN:157,(anonymous_7)
FN:164,(anonymous_8)
FN:171,(anonymous_9)
FN:178,(anonymous_10)
FN:191,(anonymous_11)
FNF:12
FNH:0
FNDA:0,(anonymous_0)
FNDA:0,(anonymous_1)
FNDA:0,(anonymous_2)
FNDA:0,(anonymous_3)
FNDA:0,(anonymous_4)
FNDA:0,(anonymous_5)
FNDA:0,(anonymous_6)
FNDA:0,(anonymous_7)
FNDA:0,(anonymous_8)
FNDA:0,(anonymous_9)
FNDA:0,(anonymous_10)
FNDA:0,(anonymous_11)
DA:9,0
DA:22,0
DA:23,0
DA:24,0
DA:25,0
DA:26,0
DA:28,0
DA:70,0
DA:71,0
DA:97,0
DA:98,0
DA:99,0
DA:100,0
DA:107,0
DA:108,0
DA:109,0
DA:112,0
DA:113,0
DA:116,0
DA:117,0
DA:120,0
DA:121,0
DA:122,0
DA:123,0
DA:124,0
DA:125,0
DA:129,0
DA:130,0
DA:131,0
DA:132,0
DA:136,0
DA:137,0
DA:138,0
DA:139,0
DA:140,0
DA:141,0
DA:145,0
DA:146,0
DA:147,0
DA:148,0
DA:151,0
DA:152,0
DA:155,0
DA:156,0
DA:157,0
DA:163,0
DA:164,0
DA:171,0
DA:172,0
DA:174,0
DA:176,0
DA:177,0
DA:178,0
DA:179,0
DA:180,0
DA:184,0
DA:187,0
DA:190,0
DA:191,0
DA:194,0
DA:197,0
DA:204,0
DA:206,0
DA:210,0
LF:64
LH:0
BRDA:12,0,0,0
BRDA:15,1,0,0
BRDA:18,2,0,0
BRDA:19,3,0,0
BRDA:25,4,0,0
BRDA:25,4,1,0
BRDA:26,5,0,0
BRDA:26,5,1,0
BRDA:31,6,0,0
BRDA:31,6,1,0
BRDA:33,7,0,0
BRDA:33,7,1,0
BRDA:33,8,0,0
BRDA:33,8,1,0
BRDA:35,9,0,0
BRDA:35,9,1,0
BRDA:40,10,0,0
BRDA:40,10,1,0
BRDA:42,11,0,0
BRDA:42,11,1,0
BRDA:43,12,0,0
BRDA:43,12,1,0
BRDA:45,13,0,0
BRDA:45,13,1,0
BRDA:53,14,0,0
BRDA:53,14,1,0
BRDA:55,15,0,0
BRDA:55,15,1,0
BRDA:58,16,0,0
BRDA:58,16,1,0
BRDA:60,17,0,0
BRDA:60,17,1,0
BRDA:66,18,0,0
BRDA:66,18,1,0
BRDA:67,19,0,0
BRDA:67,19,1,0
BRDA:75,20,0,0
BRDA:75,20,1,0
BRDA:76,21,0,0
BRDA:76,21,1,0
BRDA:82,22,0,0
BRDA:82,22,1,0
BRDA:120,23,0,0
BRDA:120,23,1,0
BRDA:122,24,0,0
BRDA:122,24,1,0
BRDA:124,25,0,0
BRDA:124,25,1,0
BRDA:129,26,0,0
BRDA:129,26,1,0
BRDA:131,27,0,0
BRDA:131,27,1,0
BRDA:136,28,0,0
BRDA:136,28,1,0
BRDA:138,29,0,0
BRDA:138,29,1,0
BRDA:140,30,0,0
BRDA:140,30,1,0
BRDA:145,31,0,0
BRDA:145,31,1,0
BRDA:147,32,0,0
BRDA:147,32,1,0
BRDA:163,33,0,0
BRDA:163,33,1,0
BRDA:174,34,0,0
BRDA:174,34,1,0
BRDA:176,35,0,0
BRDA:176,35,1,0
BRDA:179,36,0,0
BRDA:179,36,1,0
BRDA:216,37,0,0
BRDA:216,37,1,0
BRDA:390,38,0,0
BRDA:390,38,1,0
BRDA:412,39,0,0
BRDA:412,39,1,0
BRF:76
BRH:0
end_of_record
TN:
SF:src\Pages\EventRecommendation\EventRecommendation.jsx
FN:13,(anonymous_0)
FN:84,(anonymous_1)
FN:98,(anonymous_2)
FN:107,(anonymous_3)
FN:150,(anonymous_4)
FN:151,(anonymous_5)
FN:159,(anonymous_6)
FN:160,(anonymous_7)
FN:202,(anonymous_8)
FN:240,(anonymous_9)
FN:274,(anonymous_10)
FN:317,(anonymous_11)
FN:332,(anonymous_12)
FN:347,(anonymous_13)
FN:400,(anonymous_14)
FN:428,(anonymous_15)
FN:444,(anonymous_16)
FN:467,(anonymous_17)
FN:521,(anonymous_18)
FN:533,(anonymous_19)
FN:585,(anonymous_20)
FN:606,(anonymous_21)
FN:644,(anonymous_22)
FN:650,(anonymous_23)
FNF:24
FNH:0
FNDA:0,(anonymous_0)
FNDA:0,(anonymous_1)
FNDA:0,(anonymous_2)
FNDA:0,(anonymous_3)
FNDA:0,(anonymous_4)
FNDA:0,(anonymous_5)
FNDA:0,(anonymous_6)
FNDA:0,(anonymous_7)
FNDA:0,(anonymous_8)
FNDA:0,(anonymous_9)
FNDA:0,(anonymous_10)
FNDA:0,(anonymous_11)
FNDA:0,(anonymous_12)
FNDA:0,(anonymous_13)
FNDA:0,(anonymous_14)
FNDA:0,(anonymous_15)
FNDA:0,(anonymous_16)
FNDA:0,(anonymous_17)
FNDA:0,(anonymous_18)
FNDA:0,(anonymous_19)
FNDA:0,(anonymous_20)
FNDA:0,(anonymous_21)
FNDA:0,(anonymous_22)
FNDA:0,(anonymous_23)
DA:13,0
DA:15,0
DA:68,0
DA:69,0
DA:70,0
DA:71,0
DA:72,0
DA:73,0
DA:74,0
DA:77,0
DA:78,0
DA:79,0
DA:82,0
DA:84,0
DA:85,0
DA:87,0
DA:88,0
DA:89,0
DA:92,0
DA:93,0
DA:96,0
DA:98,0
DA:99,0
DA:101,0
DA:102,0
DA:103,0
DA:104,0
DA:107,0
DA:108,0
DA:109,0
DA:111,0
DA:112,0
DA:113,0
DA:114,0
DA:115,0
DA:117,0
DA:121,0
DA:122,0
DA:123,0
DA:124,0
DA:125,0
DA:127,0
DA:131,0
DA:132,0
DA:133,0
DA:134,0
DA:135,0
DA:137,0
DA:141,0
DA:142,0
DA:149,0
DA:150,0
DA:151,0
DA:153,0
DA:154,0
DA:158,0
DA:160,0
DA:163,0
DA:203,0
DA:241,0
DA:275,0
DA:317,0
DA:332,0
DA:347,0
DA:402,0
DA:428,0
DA:445,0
DA:469,0
DA:522,0
DA:535,0
DA:585,0
DA:607,0
DA:644,0
DA:651,0
DA:652,0
LF:75
LH:0
BRDA:87,0,0,0
BRDA:87,0,1,0
BRDA:87,1,0,0
BRDA:87,1,1,0
BRDA:87,1,2,0
BRDA:99,2,0,0
BRDA:99,2,1,0
BRDA:99,3,0,0
BRDA:99,3,1,0
BRDA:99,4,0,0
BRDA:99,4,1,0
BRDA:101,5,0,0
BRDA:101,5,1,0
BRDA:111,6,0,0
BRDA:111,6,1,0
BRDA:113,7,0,0
BRDA:113,7,1,0
BRDA:121,8,0,0
BRDA:121,8,1,0
BRDA:123,9,0,0
BRDA:123,9,1,0
BRDA:131,10,0,0
BRDA:131,10,1,0
BRDA:133,11,0,0
BRDA:133,11,1,0
BRDA:382,12,0,0
BRDA:382,12,1,0
BRDA:394,13,0,0
BRDA:394,13,1,0
BRDA:449,14,0,0
BRDA:449,14,1,0
BRDA:457,15,0,0
BRDA:457,15,1,0
BRDA:494,16,0,0
BRDA:494,16,1,0
BRDA:529,17,0,0
BRDA:529,17,1,0
BRDA:567,18,0,0
BRDA:567,18,1,0
BRDA:606,19,0,0
BRDA:606,19,1,0
BRDA:610,20,0,0
BRDA:610,20,1,0
BRDA:618,21,0,0
BRDA:618,21,1,0
BRDA:625,22,0,0
BRDA:625,22,1,0
BRDA:627,23,0,0
BRDA:627,23,1,0
BRF:49
BRH:0
end_of_record
TN:
SF:src\Pages\Events\ActiveFilters.js
FN:14,(anonymous_0)
FN:27,(anonymous_1)
FN:57,(anonymous_2)
FN:65,(anonymous_3)
FN:67,(anonymous_4)
FN:75,(anonymous_5)
FN:76,(anonymous_6)
FN:83,(anonymous_7)
FN:85,(anonymous_8)
FN:93,(anonymous_9)
FN:100,(anonymous_10)
FN:115,(anonymous_11)
FN:123,(anonymous_12)
FN:131,(anonymous_13)
FN:139,(anonymous_14)
FN:145,(anonymous_15)
FN:149,(anonymous_16)
FN:155,(anonymous_17)
FN:159,(anonymous_18)
FN:165,(anonymous_19)
FN:169,(anonymous_20)
FNF:21
FNH:0
FNDA:0,(anonymous_0)
FNDA:0,(anonymous_1)
FNDA:0,(anonymous_2)
FNDA:0,(anonymous_3)
FNDA:0,(anonymous_4)
FNDA:0,(anonymous_5)
FNDA:0,(anonymous_6)
FNDA:0,(anonymous_7)
FNDA:0,(anonymous_8)
FNDA:0,(anonymous_9)
FNDA:0,(anonymous_10)
FNDA:0,(anonymous_11)
FNDA:0,(anonymous_12)
FNDA:0,(anonymous_13)
FNDA:0,(anonymous_14)
FNDA:0,(anonymous_15)
FNDA:0,(anonymous_16)
FNDA:0,(anonymous_17)
FNDA:0,(anonymous_18)
FNDA:0,(anonymous_19)
FNDA:0,(anonymous_20)
DA:6,0
DA:14,0
DA:15,0
DA:27,0
DA:39,0
DA:40,0
DA:41,0
DA:42,0
DA:44,0
DA:55,0
DA:57,0
DA:58,0
DA:59,0
DA:60,0
DA:61,0
DA:62,0
DA:65,0
DA:66,0
DA:67,0
DA:69,0
DA:75,0
DA:76,0
DA:77,0
DA:83,0
DA:84,0
DA:85,0
DA:87,0
DA:93,0
DA:94,0
DA:100,0
DA:101,0
DA:107,0
DA:109,0
DA:115,0
DA:123,0
DA:131,0
DA:139,0
DA:146,0
DA:149,0
DA:156,0
DA:159,0
DA:166,0
DA:169,0
LF:43
LH:0
BRDA:36,0,0,0
BRDA:39,1,0,0
BRDA:39,1,1,0
BRDA:40,2,0,0
BRDA:40,2,1,0
BRDA:41,3,0,0
BRDA:41,3,1,0
BRDA:42,4,0,0
BRDA:42,4,1,0
BRDA:44,5,0,0
BRDA:44,5,1,0
BRDA:44,5,2,0
BRDA:44,5,3,0
BRDA:44,5,4,0
BRDA:44,5,5,0
BRDA:44,5,6,0
BRDA:44,5,7,0
BRDA:44,5,8,0
BRDA:44,5,9,0
BRDA:44,5,10,0
BRDA:44,5,11,0
BRDA:55,6,0,0
BRDA:55,6,1,0
BRDA:55,6,2,0
BRDA:55,6,3,0
BRDA:55,6,4,0
BRDA:58,7,0,0
BRDA:58,7,1,0
BRDA:59,8,0,0
BRDA:59,8,1,0
BRDA:60,9,0,0
BRDA:60,9,1,0
BRDA:61,10,0,0
BRDA:61,10,1,0
BRDA:62,11,0,0
BRDA:62,11,1,0
BRDA:107,12,0,0
BRDA:107,12,1,0
BRDA:112,13,0,0
BRDA:112,13,1,0
BRDA:120,14,0,0
BRDA:120,14,1,0
BRDA:122,15,0,0
BRDA:122,15,1,0
BRDA:128,16,0,0
BRDA:128,16,1,0
BRDA:136,17,0,0
BRDA:136,17,1,0
BRDA:144,18,0,0
BRDA:144,18,1,0
BRDA:154,19,0,0
BRDA:154,19,1,0
BRDA:164,20,0,0
BRDA:164,20,1,0
BRDA:174,21,0,0
BRDA:174,21,1,0
BRDA:182,22,0,0
BRDA:182,22,1,0
BRDA:182,22,2,0
BRDA:182,22,3,0
BRDA:187,23,0,0
BRDA:187,23,1,0
BRDA:193,24,0,0
BRDA:193,24,1,0
BRF:64
BRH:0
end_of_record
TN:
SF:src\Pages\Events\BookmarkedEvents.js
FN:12,(anonymous_0)
FN:14,(anonymous_1)
FN:16,(anonymous_2)
FN:22,(anonymous_3)
FN:23,(anonymous_4)
FN:83,(anonymous_5)
FNF:6
FNH:0
FNDA:0,(anonymous_0)
FNDA:0,(anonymous_1)
FNDA:0,(anonymous_2)
FNDA:0,(anonymous_3)
FNDA:0,(anonymous_4)
FNDA:0,(anonymous_5)
DA:12,0
DA:13,0
DA:14,0
DA:16,0
DA:17,0
DA:18,0
DA:21,0
DA:23,0
DA:30,0
DA:84,0
LF:10
LH:0
BRDA:63,0,0,0
BRDA:63,0,1,0
BRF:2
BRH:0
end_of_record
TN:
SF:src\Pages\Events\EventAnalyticsDashboard.js
FN:35,(anonymous_0)
FN:36,(anonymous_1)
FN:38,(anonymous_2)
FN:40,(anonymous_3)
FN:41,(anonymous_4)
FN:42,(anonymous_5)
FN:44,(anonymous_6)
FN:46,(anonymous_7)
FN:47,(anonymous_8)
FN:50,(anonymous_9)
FN:52,(anonymous_10)
FN:56,(anonymous_11)
FN:63,(anonymous_12)
FN:76,(anonymous_13)
FN:99,(anonymous_14)
FN:127,(anonymous_15)
FN:140,(anonymous_16)
FN:153,(anonymous_17)
FN:159,(anonymous_18)
FN:160,(anonymous_19)
FN:170,(anonymous_20)
FN:171,(anonymous_21)
FN:181,(anonymous_22)
FN:198,(anonymous_23)
FN:231,(anonymous_24)
FN:238,(anonymous_25)
FN:242,(anonymous_26)
FNF:27
FNH:0
FNDA:0,(anonymous_0)
FNDA:0,(anonymous_1)
FNDA:0,(anonymous_2)
FNDA:0,(anonymous_3)
FNDA:0,(anonymous_4)
FNDA:0,(anonymous_5)
FNDA:0,(anonymous_6)
FNDA:0,(anonymous_7)
FNDA:0,(anonymous_8)
FNDA:0,(anonymous_9)
FNDA:0,(anonymous_10)
FNDA:0,(anonymous_11)
FNDA:0,(anonymous_12)
FNDA:0,(anonymous_13)
FNDA:0,(anonymous_14)
FNDA:0,(anonymous_15)
FNDA:0,(anonymous_16)
FNDA:0,(anonymous_17)
FNDA:0,(anonymous_18)
FNDA:0,(anonymous_19)
FNDA:0,(anonymous_20)
FNDA:0,(anonymous_21)
FNDA:0,(anonymous_22)
FNDA:0,(anonymous_23)
FNDA:0,(anonymous_24)
FNDA:0,(anonymous_25)
FNDA:0,(anonymous_26)
DA:9,0
DA:24,0
DA:32,0
DA:33,0
DA:35,0
DA:36,0
DA:37,0
DA:38,0
DA:40,0
DA:41,0
DA:42,0
DA:44,0
DA:45,0
DA:46,0
DA:47,0
DA:50,0
DA:51,0
DA:52,0
DA:53,0
DA:54,0
DA:56,0
DA:59,0
DA:60,0
DA:61,0
DA:63,0
DA:64,0
DA:76,0
DA:77,0
DA:99,0
DA:100,0
DA:127,0
DA:128,0
DA:140,0
DA:141,0
DA:153,0
DA:154,0
DA:159,0
DA:160,0
DA:170,0
DA:171,0
DA:181,0
DA:182,0
DA:199,0
DA:224,0
DA:231,0
DA:232,0
DA:234,0
DA:239,0
DA:242,0
LF:49
LH:0
BRDA:42,0,0,0
BRDA:42,0,1,0
BRDA:46,1,0,0
BRDA:46,1,1,0
BRDA:53,2,0,0
BRDA:53,2,1,0
BRDA:53,3,0,0
BRDA:53,3,1,0
BRDA:54,4,0,0
BRDA:54,4,1,0
BRDA:63,5,0,0
BRDA:63,6,0,0
BRDA:70,7,0,0
BRDA:70,7,1,0
BRDA:71,8,0,0
BRDA:71,8,1,0
BRDA:76,9,0,0
BRDA:76,10,0,0
BRDA:76,11,0,0
BRDA:80,12,0,0
BRDA:80,12,1,0
BRDA:92,13,0,0
BRDA:92,13,1,0
BRDA:93,14,0,0
BRDA:93,14,1,0
BRDA:94,15,0,0
BRDA:94,15,1,0
BRDA:241,16,0,0
BRDA:241,16,1,0
BRF:29
BRH:0
end_of_record
TN:
SF:src\Pages\Events\EventCTA.js
FN:4,(anonymous_0)
FN:55,(anonymous_1)
FN:76,(anonymous_2)
FNF:3
FNH:0
FNDA:0,(anonymous_0)
FNDA:0,(anonymous_1)
FNDA:0,(anonymous_2)
DA:4,0
DA:5,0
DA:7,0
DA:55,0
DA:76,0
LF:5
LH:0
BRDA:64,0,0,0
BRDA:64,0,1,0
BRF:2
BRH:0
end_of_record
TN:
SF:src\Pages\Events\EventCard.js
FN:37,(anonymous_0)
FN:38,(anonymous_1)
FN:42,(anonymous_2)
FN:69,(anonymous_3)
FN:75,(anonymous_4)
FN:80,(anonymous_5)
FN:91,(anonymous_6)
FN:94,(anonymous_7)
FN:99,(anonymous_8)
FN:139,(anonymous_9)
FN:140,(anonymous_10)
FN:219,(anonymous_11)
FN:325,(anonymous_12)
FNF:13
FNH:9
FNDA:20,(anonymous_0)
FNDA:16,(anonymous_1)
FNDA:16,(anonymous_2)
FNDA:1,(anonymous_3)
FNDA:1,(anonymous_4)
FNDA:0,(anonymous_5)
FNDA:16,(anonymous_6)
FNDA:0,(anonymous_7)
FNDA:2,(anonymous_8)
FNDA:2,(anonymous_9)
FNDA:0,(anonymous_10)
FNDA:0,(anonymous_11)
FNDA:2,(anonymous_12)
DA:37,1
DA:38,20
DA:39,20
DA:40,20
DA:41,20
DA:42,20
DA:43,16
DA:51,16
DA:55,20
DA:56,20
DA:57,20
DA:59,20
DA:61,20
DA:69,20
DA:70,1
DA:71,1
DA:73,1
DA:76,1
DA:81,0
DA:82,0
DA:88,20
DA:89,20
DA:91,20
DA:92,16
DA:94,16
DA:95,0
DA:99,20
DA:100,2
DA:101,2
DA:103,2
DA:104,1
DA:105,1
DA:110,1
DA:113,1
DA:117,1
DA:124,20
DA:139,2
DA:140,0
DA:219,0
DA:326,2
DA:327,2
DA:328,2
DA:329,2
DA:330,2
DA:331,2
DA:333,2
DA:341,2
DA:349,2
LF:48
LH:43
BRDA:59,0,0,20
BRDA:59,0,1,19
BRDA:89,1,0,20
BRDA:89,1,1,17
BRDA:103,2,0,1
BRDA:103,2,1,1
BRDA:141,3,0,3
BRDA:141,3,1,17
BRDA:144,4,0,3
BRDA:144,4,1,17
BRDA:150,5,0,3
BRDA:150,5,1,17
BRDA:151,6,0,3
BRDA:151,6,1,17
BRDA:156,7,0,3
BRDA:156,7,1,17
BRDA:165,8,0,20
BRDA:165,8,1,4
BRDA:173,9,0,2
BRDA:173,9,1,2
BRDA:241,10,0,20
BRDA:241,10,1,1
BRDA:241,10,2,1
BRDA:253,11,0,20
BRDA:253,11,1,1
BRDA:325,12,0,20
BRDA:325,12,1,2
BRDA:325,12,2,2
BRDA:326,13,0,2
BRDA:326,13,1,0
BRDA:333,14,0,1
BRDA:333,14,1,1
BRDA:335,15,0,0
BRDA:335,15,1,1
BRDA:337,16,0,0
BRDA:337,16,1,1
BRDA:341,17,0,1
BRDA:341,17,1,1
BRDA:343,18,0,0
BRDA:343,18,1,1
BRDA:345,19,0,0
BRDA:345,19,1,1
BRDA:355,20,0,1
BRDA:355,20,1,1
BRDA:361,21,0,0
BRDA:361,21,1,1
BRDA:387,22,0,1
BRDA:387,22,1,19
BRF:48
BRH:42
end_of_record
TN:
SF:src\Pages\Events\EventCardSection.js
FN:4,(anonymous_0)
FN:8,(anonymous_1)
FN:62,(anonymous_2)
FNF:3
FNH:0
FNDA:0,(anonymous_0)
FNDA:0,(anonymous_1)
FNDA:0,(anonymous_2)
DA:4,0
DA:5,0
DA:6,0
DA:9,0
DA:15,0
DA:16,0
DA:53,0
DA:63,0
LF:8
LH:0
BRDA:5,0,0,0
BRDA:5,0,1,0
BRDA:15,1,0,0
BRDA:15,1,1,0
BRDA:41,2,0,0
BRDA:41,2,1,0
BRDA:57,3,0,0
BRDA:57,3,1,0
BRF:8
BRH:0
end_of_record
TN:
SF:src\Pages\Events\EventDetails.js
FN:20,(anonymous_0)
FN:23,(anonymous_1)
FN:30,(anonymous_2)
FN:40,(anonymous_3)
FN:65,(anonymous_4)
FN:70,(anonymous_5)
FNF:6
FNH:0
FNDA:0,(anonymous_0)
FNDA:0,(anonymous_1)
FNDA:0,(anonymous_2)
FNDA:0,(anonymous_3)
FNDA:0,(anonymous_4)
FNDA:0,(anonymous_5)
DA:20,0
DA:21,0
DA:22,0
DA:23,0
DA:24,0
DA:28,0
DA:30,0
DA:31,0
DA:34,0
DA:38,0
DA:40,0
DA:43,0
DA:49,0
DA:50,0
DA:65,0
DA:66,0
DA:67,0
DA:68,0
DA:69,0
DA:70,0
DA:71,0
DA:74,0
DA:78,0
DA:79,0
DA:81,0
LF:25
LH:0
BRDA:24,0,0,0
BRDA:24,0,1,0
BRDA:31,1,0,0
BRDA:31,1,1,0
BRDA:34,2,0,0
BRDA:34,2,1,0
BRDA:49,3,0,0
BRDA:49,3,1,0
BRDA:78,4,0,0
BRDA:78,4,1,0
BRDA:100,5,0,0
BRDA:100,5,1,0
BRDA:105,6,0,0
BRDA:105,6,1,0
BRDA:175,7,0,0
BRDA:175,7,1,0
BRDA:176,8,0,0
BRDA:176,8,1,0
BRF:18
BRH:0
end_of_record
TN:
SF:src\Pages\Events\EventDetailsPage.js
FN:13,(anonymous_0)
FN:26,(anonymous_1)
FN:27,(anonymous_2)
FN:32,(anonymous_3)
FN:38,(anonymous_4)
FN:95,(anonymous_5)
FN:120,(anonymous_6)
FNF:7
FNH:0
FNDA:0,(anonymous_0)
FNDA:0,(anonymous_1)
FNDA:0,(anonymous_2)
FNDA:0,(anonymous_3)
FNDA:0,(anonymous_4)
FNDA:0,(anonymous_5)
FNDA:0,(anonymous_6)
DA:13,0
DA:14,0
DA:16,0
DA:18,0
DA:21,0
DA:24,0
DA:26,0
DA:27,0
DA:28,0
DA:29,0
DA:32,0
DA:33,0
DA:37,0
DA:39,0
DA:43,0
DA:44,0
DA:45,0
DA:55,0
DA:57,0
DA:61,0
DA:65,0
DA:66,0
DA:80,0
DA:81,0
DA:96,0
DA:109,0
DA:113,0
DA:121,0
LF:28
LH:0
BRDA:44,0,0,0
BRDA:44,0,1,0
BRDA:65,1,0,0
BRDA:65,1,1,0
BRDA:80,2,0,0
BRDA:80,2,1,0
BRDA:109,3,0,0
BRDA:109,3,1,0
BRDA:171,4,0,0
BRDA:171,4,1,0
BRDA:176,5,0,0
BRDA:176,5,1,0
BRDA:202,6,0,0
BRDA:202,6,1,0
BRDA:236,7,0,0
BRDA:236,7,1,0
BRF:16
BRH:0
end_of_record
TN:
SF:src\Pages\Events\EventFiltersToolbar.js
FN:14,(anonymous_0)
FN:18,(anonymous_1)
FN:31,(anonymous_2)
FN:35,(anonymous_3)
FN:49,(anonymous_4)
FN:68,(anonymous_5)
FN:72,(anonymous_6)
FN:76,(anonymous_7)
FN:81,(anonymous_8)
FN:127,(anonymous_9)
FNF:10
FNH:0
FNDA:0,(anonymous_0)
FNDA:0,(anonymous_1)
FNDA:0,(anonymous_2)
FNDA:0,(anonymous_3)
FNDA:0,(anonymous_4)
FNDA:0,(anonymous_5)
FNDA:0,(anonymous_6)
FNDA:0,(anonymous_7)
FNDA:0,(anonymous_8)
FNDA:0,(anonymous_9)
DA:6,0
DA:14,0
DA:15,0
DA:16,0
DA:18,0
DA:31,0
DA:32,0
DA:33,0
DA:35,0
DA:49,0
DA:65,0
DA:66,0
DA:68,0
DA:69,0
DA:72,0
DA:73,0
DA:74,0
DA:75,0
DA:76,0
DA:77,0
DA:81,0
DA:82,0
DA:83,0
DA:86,0
DA:128,0
LF:25
LH:0
BRDA:20,0,0,0
BRDA:20,0,1,0
BRDA:37,1,0,0
BRDA:37,1,1,0
BRDA:41,2,0,0
BRDA:41,2,1,0
BRDA:56,3,0,0
BRDA:65,4,0,0
BRDA:65,4,1,0
BRDA:69,5,0,0
BRDA:69,5,1,0
BRDA:75,6,0,0
BRDA:75,6,1,0
BRDA:114,7,0,0
BRDA:114,7,1,0
BRDA:146,8,0,0
BRDA:146,8,1,0
BRF:17
BRH:0
end_of_record
TN:
SF:src\Pages\Events\EventHero.js
FN:30,(anonymous_0)
FN:44,EventHero
FN:58,(anonymous_2)
FN:62,(anonymous_3)
FN:71,(anonymous_4)
FN:79,(anonymous_5)
FN:88,(anonymous_6)
FN:93,(anonymous_7)
FN:97,(anonymous_8)
FN:101,(anonymous_9)
FN:106,(anonymous_10)
FN:147,(anonymous_11)
FN:150,(anonymous_12)
FN:180,(anonymous_13)
FN:236,(anonymous_14)
FN:240,(anonymous_15)
FN:283,(anonymous_16)
FN:287,(anonymous_17)
FN:324,(anonymous_18)
FN:327,(anonymous_19)
FN:402,(anonymous_20)
FN:463,(anonymous_21)
FNF:22
FNH:0
FNDA:0,(anonymous_0)
FNDA:0,EventHero
FNDA:0,(anonymous_2)
FNDA:0,(anonymous_3)
FNDA:0,(anonymous_4)
FNDA:0,(anonymous_5)
FNDA:0,(anonymous_6)
FNDA:0,(anonymous_7)
FNDA:0,(anonymous_8)
FNDA:0,(anonymous_9)
FNDA:0,(anonymous_10)
FNDA:0,(anonymous_11)
FNDA:0,(anonymous_12)
FNDA:0,(anonymous_13)
FNDA:0,(anonymous_14)
FNDA:0,(anonymous_15)
FNDA:0,(anonymous_16)
FNDA:0,(anonymous_17)
FNDA:0,(anonymous_18)
FNDA:0,(anonymous_19)
FNDA:0,(anonymous_20)
FNDA:0,(anonymous_21)
DA:19,0
DA:21,0
DA:30,0
DA:31,0
DA:32,0
DA:36,0
DA:40,0
DA:50,0
DA:51,0
DA:54,0
DA:56,0
DA:58,0
DA:59,0
DA:62,0
DA:63,0
DA:65,0
DA:71,0
DA:72,0
DA:74,0
DA:76,0
DA:80,0
DA:85,0
DA:88,0
DA:89,0
DA:90,0
DA:93,0
DA:94,0
DA:97,0
DA:98,0
DA:100,0
DA:101,0
DA:106,0
DA:107,0
DA:108,0
DA:109,0
DA:113,0
DA:115,0
DA:148,0
DA:151,0
DA:181,0
DA:237,0
DA:241,0
DA:284,0
DA:288,0
DA:325,0
DA:328,0
DA:402,0
DA:464,0
LF:48
LH:0
BRDA:33,0,0,0
BRDA:33,0,1,0
BRDA:36,1,0,0
BRDA:36,1,1,0
BRDA:74,2,0,0
BRDA:74,2,1,0
BRDA:107,3,0,0
BRDA:107,3,1,0
BRDA:159,4,0,0
BRDA:159,4,1,0
BRDA:177,5,0,0
BRDA:177,5,1,0
BRDA:199,6,0,0
BRDA:199,6,1,0
BRDA:358,7,0,0
BRDA:358,7,1,0
BRDA:424,8,0,0
BRDA:424,8,1,0
BRF:18
BRH:0
end_of_record
TN:
SF:src\Pages\Events\EventRegistration.js
FN:39,sendConfirmationEmail
FN:47,(anonymous_1)
FN:51,(anonymous_2)
FN:89,(anonymous_3)
FN:92,(anonymous_4)
FN:101,(anonymous_5)
FN:123,(anonymous_6)
FN:127,(anonymous_7)
FN:154,(anonymous_8)
FN:161,(anonymous_9)
FN:181,(anonymous_10)
FN:230,(anonymous_11)
FN:231,(anonymous_12)
FN:234,(anonymous_13)
FN:241,(anonymous_14)
FN:255,(anonymous_15)
FN:314,(anonymous_16)
FN:383,(anonymous_17)
FN:388,(anonymous_18)
FN:392,(anonymous_19)
FN:454,(anonymous_20)
FN:460,(anonymous_21)
FN:466,(anonymous_22)
FN:833,(anonymous_23)
FNF:24
FNH:0
FNDA:0,sendConfirmationEmail
FNDA:0,(anonymous_1)
FNDA:0,(anonymous_2)
FNDA:0,(anonymous_3)
FNDA:0,(anonymous_4)
FNDA:0,(anonymous_5)
FNDA:0,(anonymous_6)
FNDA:0,(anonymous_7)
FNDA:0,(anonymous_8)
FNDA:0,(anonymous_9)
FNDA:0,(anonymous_10)
FNDA:0,(anonymous_11)
FNDA:0,(anonymous_12)
FNDA:0,(anonymous_13)
FNDA:0,(anonymous_14)
FNDA:0,(anonymous_15)
FNDA:0,(anonymous_16)
FNDA:0,(anonymous_17)
FNDA:0,(anonymous_18)
FNDA:0,(anonymous_19)
FNDA:0,(anonymous_20)
FNDA:0,(anonymous_21)
FNDA:0,(anonymous_22)
FNDA:0,(anonymous_23)
DA:33,0
DA:35,0
DA:36,0
DA:37,0
DA:40,0
DA:41,0
DA:42,0
DA:51,0
DA:53,0
DA:57,0
DA:59,0
DA:63,0
DA:66,0
DA:71,0
DA:74,0
DA:75,0
DA:78,0
DA:89,0
DA:90,0
DA:92,0
DA:93,0
DA:94,0
DA:95,0
DA:98,0
DA:99,0
DA:101,0
DA:102,0
DA:103,0
DA:105,0
DA:107,0
DA:108,0
DA:110,0
DA:111,0
DA:123,0
DA:124,0
DA:125,0
DA:127,0
DA:128,0
DA:129,0
DA:132,0
DA:133,0
DA:134,0
DA:135,0
DA:136,0
DA:137,0
DA:139,0
DA:140,0
DA:141,0
DA:143,0
DA:144,0
DA:147,0
DA:148,0
DA:152,0
DA:154,0
DA:155,0
DA:156,0
DA:157,0
DA:161,0
DA:162,0
DA:163,0
DA:164,0
DA:168,0
DA:178,0
DA:181,0
DA:182,0
DA:183,0
DA:184,0
DA:185,0
DA:186,0
DA:188,0
DA:189,0
DA:190,0
DA:191,0
DA:192,0
DA:195,0
DA:196,0
DA:201,0
DA:216,0
DA:230,0
DA:231,0
DA:232,0
DA:234,0
DA:236,0
DA:237,0
DA:240,0
DA:241,0
DA:248,0
DA:251,0
DA:255,0
DA:256,0
DA:258,0
DA:259,0
DA:260,0
DA:264,0
DA:265,0
DA:266,0
DA:270,0
DA:271,0
DA:272,0
DA:277,0
DA:278,0
DA:279,0
DA:280,0
DA:281,0
DA:282,0
DA:283,0
DA:289,0
DA:290,0
DA:291,0
DA:296,0
DA:298,0
DA:300,0
DA:301,0
DA:305,0
DA:306,0
DA:310,0
DA:314,0
DA:316,0
DA:319,0
DA:320,0
DA:321,0
DA:323,0
DA:324,0
DA:334,0
DA:335,0
DA:336,0
DA:337,0
DA:338,0
DA:341,0
DA:342,0
DA:343,0
DA:345,0
DA:348,0
DA:353,0
DA:355,0
DA:356,0
DA:357,0
DA:358,0
DA:362,0
DA:365,0
DA:366,0
DA:367,0
DA:368,0
DA:369,0
DA:370,0
DA:373,0
DA:376,0
DA:377,0
DA:378,0
DA:383,0
DA:384,0
DA:385,0
DA:388,0
DA:389,0
DA:392,0
DA:393,0
DA:394,0
DA:395,0
DA:398,0
DA:399,0
DA:406,0
DA:407,0
DA:423,0
DA:424,0
DA:426,0
DA:427,0
DA:448,0
DA:449,0
DA:450,0
DA:451,0
DA:452,0
DA:454,0
DA:455,0
DA:456,0
DA:461,0
DA:462,0
DA:466,0
DA:467,0
DA:472,0
DA:618,0
DA:833,0
LF:181
LH:0
BRDA:40,0,0,0
BRDA:40,0,1,0
BRDA:40,1,0,0
BRDA:40,1,1,0
BRDA:40,1,2,0
BRDA:40,1,3,0
BRDA:53,2,0,0
BRDA:53,2,1,0
BRDA:53,2,2,0
BRDA:53,2,3,0
BRDA:59,3,0,0
BRDA:59,3,1,0
BRDA:60,4,0,0
BRDA:60,4,1,0
BRDA:66,5,0,0
BRDA:66,5,1,0
BRDA:67,6,0,0
BRDA:67,6,1,0
BRDA:67,6,2,0
BRDA:74,7,0,0
BRDA:74,7,1,0
BRDA:78,8,0,0
BRDA:78,8,1,0
BRDA:94,9,0,0
BRDA:94,9,1,0
BRDA:128,10,0,0
BRDA:128,10,1,0
BRDA:143,11,0,0
BRDA:143,11,1,0
BRDA:144,12,0,0
BRDA:144,12,1,0
BRDA:147,13,0,0
BRDA:147,13,1,0
BRDA:155,14,0,0
BRDA:155,14,1,0
BRDA:236,15,0,0
BRDA:236,15,1,0
BRDA:240,16,0,0
BRDA:240,16,1,0
BRDA:240,17,0,0
BRDA:240,17,1,0
BRDA:243,18,0,0
BRDA:243,18,1,0
BRDA:243,18,2,0
BRDA:243,19,0,0
BRDA:243,19,1,0
BRDA:243,20,0,0
BRDA:243,20,1,0
BRDA:244,21,0,0
BRDA:244,21,1,0
BRDA:258,22,0,0
BRDA:258,22,1,0
BRDA:264,23,0,0
BRDA:264,23,1,0
BRDA:270,24,0,0
BRDA:270,24,1,0
BRDA:279,25,0,0
BRDA:279,25,1,0
BRDA:281,26,0,0
BRDA:281,26,1,0
BRDA:289,27,0,0
BRDA:289,27,1,0
BRDA:298,28,0,0
BRDA:298,28,1,0
BRDA:329,29,0,0
BRDA:329,29,1,0
BRDA:342,30,0,0
BRDA:342,30,1,0
BRDA:345,31,0,0
BRDA:345,31,1,0
BRDA:350,32,0,0
BRDA:350,32,1,0
BRDA:365,33,0,0
BRDA:365,33,1,0
BRDA:398,34,0,0
BRDA:398,34,1,0
BRDA:406,35,0,0
BRDA:406,35,1,0
BRDA:423,36,0,0
BRDA:423,36,1,0
BRDA:426,37,0,0
BRDA:426,37,1,0
BRDA:426,38,0,0
BRDA:426,38,1,0
BRDA:433,39,0,0
BRDA:433,39,1,0
BRDA:448,40,0,0
BRDA:448,40,1,0
BRDA:455,41,0,0
BRDA:455,41,1,0
BRDA:461,42,0,0
BRDA:461,42,1,0
BRDA:688,43,0,0
BRDA:688,43,1,0
BRDA:688,44,0,0
BRDA:688,44,1,0
BRDA:695,45,0,0
BRDA:695,45,1,0
BRDA:695,45,2,0
BRDA:718,46,0,0
BRDA:718,46,1,0
BRDA:718,47,0,0
BRDA:718,47,1,0
BRDA:725,48,0,0
BRDA:725,48,1,0
BRDA:725,48,2,0
BRDA:748,49,0,0
BRDA:748,49,1,0
BRDA:748,50,0,0
BRDA:748,50,1,0
BRDA:755,51,0,0
BRDA:755,51,1,0
BRDA:755,51,2,0
BRDA:822,52,0,0
BRDA:822,52,1,0
BRDA:822,53,0,0
BRDA:822,53,1,0
BRDA:823,54,0,0
BRDA:823,54,1,0
BRDA:840,55,0,0
BRDA:840,55,1,0
BRDA:843,56,0,0
BRDA:843,56,1,0
BRF:123
BRH:0
end_of_record
TN:
SF:src\Pages\Events\EventsPage.js
FN:42,(anonymous_0)
FN:50,(anonymous_1)
FN:60,(anonymous_2)
FN:69,(anonymous_3)
FN:78,(anonymous_4)
FN:107,(anonymous_5)
FN:141,(anonymous_6)
FN:148,(anonymous_7)
FN:180,(anonymous_8)
FN:181,(anonymous_9)
FN:183,(anonymous_10)
FN:190,(anonymous_11)
FN:194,(anonymous_12)
FN:202,(anonymous_13)
FN:215,(anonymous_14)
FN:235,(anonymous_15)
FN:238,(anonymous_16)
FN:251,(anonymous_17)
FN:253,(anonymous_18)
FN:262,(anonymous_19)
FN:266,(anonymous_20)
FN:293,(anonymous_21)
FN:296,(anonymous_22)
FN:338,(anonymous_23)
FN:350,(anonymous_24)
FNF:25
FNH:0
FNDA:0,(anonymous_0)
FNDA:0,(anonymous_1)
FNDA:0,(anonymous_2)
FNDA:0,(anonymous_3)
FNDA:0,(anonymous_4)
FNDA:0,(anonymous_5)
FNDA:0,(anonymous_6)
FNDA:0,(anonymous_7)
FNDA:0,(anonymous_8)
FNDA:0,(anonymous_9)
FNDA:0,(anonymous_10)
FNDA:0,(anonymous_11)
FNDA:0,(anonymous_12)
FNDA:0,(anonymous_13)
FNDA:0,(anonymous_14)
FNDA:0,(anonymous_15)
FNDA:0,(anonymous_16)
FNDA:0,(anonymous_17)
FNDA:0,(anonymous_18)
FNDA:0,(anonymous_19)
FNDA:0,(anonymous_20)
FNDA:0,(anonymous_21)
FNDA:0,(anonymous_22)
FNDA:0,(anonymous_23)
FNDA:0,(anonymous_24)
DA:22,0
DA:32,0
DA:42,0
DA:46,0
DA:48,0
DA:49,0
DA:51,0
DA:55,0
DA:59,0
DA:61,0
DA:65,0
DA:68,0
DA:70,0
DA:75,0
DA:78,0
DA:86,0
DA:87,0
DA:108,0
DA:117,0
DA:118,0
DA:132,0
DA:142,0
DA:148,0
DA:153,0
DA:154,0
DA:155,0
DA:160,0
DA:162,0
DA:164,0
DA:166,0
DA:169,0
DA:172,0
DA:173,0
DA:176,0
DA:177,0
DA:180,0
DA:181,0
DA:182,0
DA:183,0
DA:188,0
DA:190,0
DA:194,0
DA:195,0
DA:201,0
DA:203,0
DA:205,0
DA:206,0
DA:207,0
DA:211,0
DA:215,0
DA:216,0
DA:235,0
DA:236,0
DA:238,0
DA:239,0
DA:247,0
DA:251,0
DA:252,0
DA:253,0
DA:254,0
DA:262,0
DA:263,0
DA:266,0
DA:267,0
DA:268,0
DA:269,0
DA:270,0
DA:274,0
DA:276,0
DA:294,0
DA:296,0
DA:338,0
DA:350,0
LF:73
LH:0
BRDA:48,0,0,0
BRDA:48,0,1,0
BRDA:55,1,0,0
BRDA:55,1,1,0
BRDA:56,2,0,0
BRDA:56,2,1,0
BRDA:65,3,0,0
BRDA:65,3,1,0
BRDA:70,4,0,0
BRDA:70,4,1,0
BRDA:71,5,0,0
BRDA:71,5,1,0
BRDA:86,6,0,0
BRDA:86,6,1,0
BRDA:117,7,0,0
BRDA:117,7,1,0
BRDA:136,8,0,0
BRDA:136,8,1,0
BRDA:160,9,0,0
BRDA:160,9,1,0
BRDA:165,10,0,0
BRDA:165,10,1,0
BRDA:167,11,0,0
BRDA:167,11,1,0
BRDA:170,12,0,0
BRDA:170,12,1,0
BRDA:174,13,0,0
BRDA:174,13,1,0
BRDA:202,14,0,0
BRDA:206,15,0,0
BRDA:206,15,1,0
BRDA:219,16,0,0
BRDA:219,16,1,0
BRDA:240,17,0,0
BRDA:240,17,1,0
BRDA:240,17,2,0
BRDA:240,17,3,0
BRDA:240,17,4,0
BRDA:240,17,5,0
BRDA:252,18,0,0
BRDA:252,18,1,0
BRDA:252,19,0,0
BRDA:252,19,1,0
BRDA:274,20,0,0
BRDA:274,20,1,0
BRDA:274,20,2,0
BRDA:298,21,0,0
BRDA:298,21,1,0
BRDA:308,22,0,0
BRDA:308,22,1,0
BRDA:340,23,0,0
BRDA:340,23,1,0
BRDA:352,24,0,0
BRDA:352,24,1,0
BRF:54
BRH:0
end_of_record
TN:
SF:src\Pages\Events\FloorPlanDesignerPage.js
FN:7,(anonymous_0)
FN:12,(anonymous_1)
FN:30,(anonymous_2)
FNF:3
FNH:0
FNDA:0,(anonymous_0)
FNDA:0,(anonymous_1)
FNDA:0,(anonymous_2)
DA:7,0
DA:8,0
DA:9,0
DA:12,0
DA:22,0
DA:30,0
LF:6
LH:0
BRDA:12,0,0,0
BRDA:12,0,1,0
BRF:2
BRH:0
end_of_record
TN:
SF:src\Pages\Events\PaginationControls.js
FN:7,(anonymous_0)
FN:25,(anonymous_1)
FN:31,(anonymous_2)
FN:47,(anonymous_3)
FN:57,(anonymous_4)
FN:60,(anonymous_5)
FN:70,(anonymous_6)
FN:78,(anonymous_7)
FN:85,(anonymous_8)
FN:89,(anonymous_9)
FN:100,(anonymous_10)
FN:111,(anonymous_11)
FN:141,(anonymous_12)
FN:151,(anonymous_13)
FN:163,(anonymous_14)
FN:169,(anonymous_15)
FNF:16
FNH:0
FNDA:0,(anonymous_0)
FNDA:0,(anonymous_1)
FNDA:0,(anonymous_2)
FNDA:0,(anonymous_3)
FNDA:0,(anonymous_4)
FNDA:0,(anonymous_5)
FNDA:0,(anonymous_6)
FNDA:0,(anonymous_7)
FNDA:0,(anonymous_8)
FNDA:0,(anonymous_9)
FNDA:0,(anonymous_10)
FNDA:0,(anonymous_11)
FNDA:0,(anonymous_12)
FNDA:0,(anonymous_13)
FNDA:0,(anonymous_14)
FNDA:0,(anonymous_15)
DA:7,0
DA:8,0
DA:25,0
DA:26,0
DA:31,0
DA:32,0
DA:34,0
DA:47,0
DA:48,0
DA:57,0
DA:61,0
DA:70,0
DA:72,0
DA:74,0
DA:78,0
DA:86,0
DA:89,0
DA:100,0
DA:111,0
DA:119,0
DA:120,0
DA:123,0
DA:124,0
DA:126,0
DA:141,0
DA:151,0
DA:163,0
DA:169,0
LF:28
LH:0
BRDA:7,0,0,0
BRDA:13,1,0,0
BRDA:13,1,1,0
BRDA:17,2,0,0
BRDA:17,2,1,0
BRDA:32,3,0,0
BRDA:32,3,1,0
BRDA:40,4,0,0
BRDA:40,4,1,0
BRDA:76,5,0,0
BRDA:76,5,1,0
BRDA:81,6,0,0
BRDA:81,6,1,0
BRDA:96,7,0,0
BRDA:96,7,1,0
BRDA:98,8,0,0
BRDA:98,8,1,0
BRDA:119,9,0,0
BRDA:119,9,1,0
BRF:19
BRH:0
end_of_record
TN:
SF:src\Pages\Events\RemindersPage.js
FN:13,(anonymous_0)
FN:26,(anonymous_1)
FN:34,(anonymous_2)
FN:36,(anonymous_3)
FN:38,(anonymous_4)
FN:39,(anonymous_5)
FN:46,(anonymous_6)
FN:47,(anonymous_7)
FN:57,(anonymous_8)
FN:58,(anonymous_9)
FN:114,(anonymous_10)
FN:156,(anonymous_11)
FN:173,(anonymous_12)
FNF:13
FNH:0
FNDA:0,(anonymous_0)
FNDA:0,(anonymous_1)
FNDA:0,(anonymous_2)
FNDA:0,(anonymous_3)
FNDA:0,(anonymous_4)
FNDA:0,(anonymous_5)
FNDA:0,(anonymous_6)
FNDA:0,(anonymous_7)
FNDA:0,(anonymous_8)
FNDA:0,(anonymous_9)
FNDA:0,(anonymous_10)
FNDA:0,(anonymous_11)
FNDA:0,(anonymous_12)
DA:13,0
DA:14,0
DA:15,0
DA:26,0
DA:27,0
DA:34,0
DA:35,0
DA:36,0
DA:38,0
DA:39,0
DA:41,0
DA:42,0
DA:45,0
DA:47,0
DA:48,0
DA:49,0
DA:57,0
DA:58,0
DA:61,0
DA:115,0
DA:117,0
DA:157,0
DA:173,0
LF:23
LH:0
BRDA:15,0,0,0
BRDA:15,0,1,0
BRDA:51,1,0,0
BRDA:51,1,1,0
BRDA:94,2,0,0
BRDA:94,2,1,0
BRF:6
BRH:0
end_of_record
TN:
SF:src\Pages\Events\useEventListing.js
FN:21,(anonymous_0)
FN:36,(anonymous_1)
FN:49,(anonymous_2)
FN:50,(anonymous_3)
FN:51,(anonymous_4)
FN:61,(anonymous_5)
FN:63,(anonymous_6)
FN:70,(anonymous_7)
FN:73,(anonymous_8)
FN:83,(anonymous_9)
FN:87,(anonymous_10)
FN:97,(anonymous_11)
FN:101,(anonymous_12)
FN:105,(anonymous_13)
FN:111,(anonymous_14)
FN:116,(anonymous_15)
FN:117,(anonymous_16)
FNF:17
FNH:0
FNDA:0,(anonymous_0)
FNDA:0,(anonymous_1)
FNDA:0,(anonymous_2)
FNDA:0,(anonymous_3)
FNDA:0,(anonymous_4)
FNDA:0,(anonymous_5)
FNDA:0,(anonymous_6)
FNDA:0,(anonymous_7)
FNDA:0,(anonymous_8)
FNDA:0,(anonymous_9)
FNDA:0,(anonymous_10)
FNDA:0,(anonymous_11)
FNDA:0,(anonymous_12)
FNDA:0,(anonymous_13)
FNDA:0,(anonymous_14)
FNDA:0,(anonymous_15)
FNDA:0,(anonymous_16)
DA:21,0
DA:22,0
DA:23,0
DA:26,0
DA:36,0
DA:37,0
DA:38,0
DA:39,0
DA:40,0
DA:41,0
DA:42,0
DA:43,0
DA:44,0
DA:45,0
DA:46,0
DA:47,0
DA:49,0
DA:50,0
DA:51,0
DA:56,0
DA:58,0
DA:61,0
DA:63,0
DA:64,0
DA:65,0
DA:67,0
DA:68,0
DA:69,0
DA:70,0
DA:72,0
DA:73,0
DA:75,0
DA:76,0
DA:79,0
DA:83,0
DA:84,0
DA:87,0
DA:88,0
DA:89,0
DA:90,0
DA:91,0
DA:94,0
DA:96,0
DA:97,0
DA:101,0
DA:102,0
DA:105,0
DA:106,0
DA:107,0
DA:111,0
DA:112,0
DA:116,0
DA:117,0
DA:119,0
LF:54
LH:0
BRDA:22,0,0,0
BRDA:22,0,1,0
BRDA:69,1,0,0
BRDA:69,1,1,0
BRDA:72,2,0,0
BRDA:72,2,1,0
BRDA:76,3,0,0
BRDA:76,3,1,0
BRDA:106,4,0,0
BRDA:106,4,1,0
BRF:10
BRH:0
end_of_record
TN:
SF:src\Pages\FAQ\FAQPage.js
FN:104,FAQSection
FN:113,(anonymous_1)
FN:128,(anonymous_2)
FN:134,(anonymous_3)
FN:143,(anonymous_4)
FN:151,(anonymous_5)
FN:152,(anonymous_6)
FN:184,(anonymous_7)
FN:185,(anonymous_8)
FN:195,(anonymous_9)
FN:198,(anonymous_10)
FN:202,(anonymous_11)
FN:208,(anonymous_12)
FN:214,(anonymous_13)
FN:219,(anonymous_14)
FN:232,(anonymous_15)
FN:274,(anonymous_16)
FN:460,(anonymous_17)
FN:461,(anonymous_18)
FN:462,(anonymous_19)
FN:462,(anonymous_20)
FN:468,(anonymous_21)
FN:482,(anonymous_22)
FN:485,(anonymous_23)
FN:499,(anonymous_24)
FN:502,(anonymous_25)
FN:537,(anonymous_26)
FN:547,(anonymous_27)
FN:551,(anonymous_28)
FN:573,(anonymous_29)
FN:583,(anonymous_30)
FNF:31
FNH:0
FNDA:0,FAQSection
FNDA:0,(anonymous_1)
FNDA:0,(anonymous_2)
FNDA:0,(anonymous_3)
FNDA:0,(anonymous_4)
FNDA:0,(anonymous_5)
FNDA:0,(anonymous_6)
FNDA:0,(anonymous_7)
FNDA:0,(anonymous_8)
FNDA:0,(anonymous_9)
FNDA:0,(anonymous_10)
FNDA:0,(anonymous_11)
FNDA:0,(anonymous_12)
FNDA:0,(anonymous_13)
FNDA:0,(anonymous_14)
FNDA:0,(anonymous_15)
FNDA:0,(anonymous_16)
FNDA:0,(anonymous_17)
FNDA:0,(anonymous_18)
FNDA:0,(anonymous_19)
FNDA:0,(anonymous_20)
FNDA:0,(anonymous_21)
FNDA:0,(anonymous_22)
FNDA:0,(anonymous_23)
FNDA:0,(anonymous_24)
FNDA:0,(anonymous_25)
FNDA:0,(anonymous_26)
FNDA:0,(anonymous_27)
FNDA:0,(anonymous_28)
FNDA:0,(anonymous_29)
FNDA:0,(anonymous_30)
DA:19,0
DA:102,0
DA:105,0
DA:107,0
DA:108,0
DA:111,0
DA:113,0
DA:115,0
DA:118,0
DA:120,0
DA:125,0
DA:128,0
DA:129,0
DA:130,0
DA:134,0
DA:135,0
DA:136,0
DA:137,0
DA:139,0
DA:142,0
DA:143,0
DA:144,0
DA:145,0
DA:146,0
DA:148,0
DA:151,0
DA:152,0
DA:153,0
DA:154,0
DA:155,0
DA:156,0
DA:158,0
DA:159,0
DA:160,0
DA:161,0
DA:163,0
DA:164,0
DA:166,0
DA:167,0
DA:170,0
DA:175,0
DA:176,0
DA:178,0
DA:180,0
DA:184,0
DA:185,0
DA:188,0
DA:189,0
DA:190,0
DA:191,0
DA:192,0
DA:193,0
DA:195,0
DA:196,0
DA:197,0
DA:198,0
DA:202,0
DA:203,0
DA:204,0
DA:208,0
DA:209,0
DA:210,0
DA:212,0
DA:214,0
DA:215,0
DA:217,0
DA:219,0
DA:220,0
DA:221,0
DA:223,0
DA:224,0
DA:225,0
DA:227,0
DA:230,0
DA:232,0
DA:233,0
DA:234,0
DA:240,0
DA:241,0
DA:243,0
DA:244,0
DA:249,0
DA:250,0
DA:252,0
DA:259,0
DA:265,0
DA:266,0
DA:270,0
DA:271,0
DA:272,0
DA:274,0
DA:275,0
DA:276,0
DA:280,0
DA:460,0
DA:461,0
DA:462,0
DA:469,0
DA:470,0
DA:483,0
DA:486,0
DA:487,0
DA:500,0
DA:502,0
DA:538,0
DA:539,0
DA:548,0
DA:552,0
DA:573,0
DA:583,0
LF:110
LH:0
BRDA:115,0,0,0
BRDA:115,0,1,0
BRDA:120,1,0,0
BRDA:120,1,1,0
BRDA:120,1,2,0
BRDA:120,1,3,0
BRDA:125,2,0,0
BRDA:125,2,1,0
BRDA:130,3,0,0
BRDA:130,3,1,0
BRDA:137,4,0,0
BRDA:137,4,1,0
BRDA:153,5,0,0
BRDA:153,5,1,0
BRDA:158,6,0,0
BRDA:158,6,1,0
BRDA:159,7,0,0
BRDA:159,7,1,0
BRDA:160,8,0,0
BRDA:160,8,1,0
BRDA:163,9,0,0
BRDA:163,9,1,0
BRDA:164,10,0,0
BRDA:164,10,1,0
BRDA:166,11,0,0
BRDA:166,11,1,0
BRDA:167,12,0,0
BRDA:167,12,1,0
BRDA:203,13,0,0
BRDA:203,13,1,0
BRDA:210,14,0,0
BRDA:210,14,1,0
BRDA:215,15,0,0
BRDA:215,15,1,0
BRDA:223,16,0,0
BRDA:223,16,1,0
BRDA:233,17,0,0
BRDA:233,17,1,0
BRDA:243,18,0,0
BRDA:243,18,1,0
BRDA:444,19,0,0
BRDA:444,19,1,0
BRDA:445,20,0,0
BRDA:445,20,1,0
BRDA:466,21,0,0
BRDA:466,21,1,0
BRDA:480,22,0,0
BRDA:480,22,1,0
BRDA:480,22,2,0
BRDA:505,23,0,0
BRDA:505,23,1,0
BRDA:517,24,0,0
BRDA:517,24,1,0
BRDA:525,25,0,0
BRDA:525,25,1,0
BRDA:552,26,0,0
BRDA:552,26,1,0
BRDA:557,27,0,0
BRDA:557,27,1,0
BRDA:575,28,0,0
BRDA:575,28,1,0
BRDA:580,29,0,0
BRDA:580,29,1,0
BRDA:585,30,0,0
BRDA:585,30,1,0
BRDA:590,31,0,0
BRDA:590,31,1,0
BRDA:598,32,0,0
BRDA:598,32,1,0
BRF:69
BRH:0
end_of_record
TN:
SF:src\Pages\FAQ\FaqCTA.jsx
FN:5,FAQCTA
FN:14,(anonymous_1)
FN:71,(anonymous_2)
FNF:3
FNH:0
FNDA:0,FAQCTA
FNDA:0,(anonymous_1)
FNDA:0,(anonymous_2)
DA:6,0
DA:15,0
DA:36,0
DA:38,0
DA:72,0
LF:5
LH:0
BRF:0
BRH:0
end_of_record
TN:
SF:src\Pages\Feedback\FeedbackPage.js
FN:26,(anonymous_0)
FN:30,(anonymous_1)
FN:51,(anonymous_2)
FN:55,(anonymous_3)
FN:56,(anonymous_4)
FN:57,(anonymous_5)
FN:100,(anonymous_6)
FN:125,(anonymous_7)
FN:126,(anonymous_8)
FN:177,(anonymous_9)
FN:190,(anonymous_10)
FN:194,(anonymous_11)
FN:195,(anonymous_12)
FN:201,(anonymous_13)
FN:206,(anonymous_14)
FN:207,(anonymous_15)
FN:226,(anonymous_16)
FN:273,(anonymous_17)
FN:276,(anonymous_18)
FN:321,(anonymous_19)
FN:345,(anonymous_20)
FN:350,(anonymous_21)
FN:393,(anonymous_22)
FN:395,(anonymous_23)
FN:397,(anonymous_24)
FN:401,(anonymous_25)
FN:402,(anonymous_26)
FN:409,(anonymous_27)
FN:413,(anonymous_28)
FN:414,(anonymous_29)
FN:416,(anonymous_30)
FN:420,(anonymous_31)
FN:430,(anonymous_32)
FN:443,(anonymous_33)
FN:649,(anonymous_34)
FNF:35
FNH:0
FNDA:0,(anonymous_0)
FNDA:0,(anonymous_1)
FNDA:0,(anonymous_2)
FNDA:0,(anonymous_3)
FNDA:0,(anonymous_4)
FNDA:0,(anonymous_5)
FNDA:0,(anonymous_6)
FNDA:0,(anonymous_7)
FNDA:0,(anonymous_8)
FNDA:0,(anonymous_9)
FNDA:0,(anonymous_10)
FNDA:0,(anonymous_11)
FNDA:0,(anonymous_12)
FNDA:0,(anonymous_13)
FNDA:0,(anonymous_14)
FNDA:0,(anonymous_15)
FNDA:0,(anonymous_16)
FNDA:0,(anonymous_17)
FNDA:0,(anonymous_18)
FNDA:0,(anonymous_19)
FNDA:0,(anonymous_20)
FNDA:0,(anonymous_21)
FNDA:0,(anonymous_22)
FNDA:0,(anonymous_23)
FNDA:0,(anonymous_24)
FNDA:0,(anonymous_25)
FNDA:0,(anonymous_26)
FNDA:0,(anonymous_27)
FNDA:0,(anonymous_28)
FNDA:0,(anonymous_29)
FNDA:0,(anonymous_30)
FNDA:0,(anonymous_31)
FNDA:0,(anonymous_32)
FNDA:0,(anonymous_33)
FNDA:0,(anonymous_34)
DA:26,0
DA:27,0
DA:28,0
DA:30,0
DA:31,0
DA:32,0
DA:34,0
DA:38,0
DA:52,0
DA:55,0
DA:56,0
DA:57,0
DA:100,0
DA:110,0
DA:111,0
DA:113,0
DA:125,0
DA:126,0
DA:177,0
DA:187,0
DA:188,0
DA:189,0
DA:190,0
DA:191,0
DA:192,0
DA:194,0
DA:195,0
DA:196,0
DA:197,0
DA:200,0
DA:201,0
DA:202,0
DA:206,0
DA:207,0
DA:208,0
DA:213,0
DA:216,0
DA:226,0
DA:274,0
DA:276,0
DA:321,0
DA:322,0
DA:323,0
DA:324,0
DA:332,0
DA:333,0
DA:334,0
DA:335,0
DA:345,0
DA:346,0
DA:350,0
DA:351,0
DA:354,0
DA:355,0
DA:356,0
DA:357,0
DA:361,0
DA:362,0
DA:363,0
DA:364,0
DA:368,0
DA:369,0
DA:373,0
DA:374,0
DA:375,0
DA:376,0
DA:380,0
DA:381,0
DA:384,0
DA:387,0
DA:390,0
DA:393,0
DA:394,0
DA:395,0
DA:396,0
DA:397,0
DA:401,0
DA:402,0
DA:408,0
DA:409,0
DA:413,0
DA:414,0
DA:415,0
DA:416,0
DA:420,0
DA:421,0
DA:424,0
DA:426,0
DA:428,0
DA:429,0
DA:430,0
DA:431,0
DA:436,0
DA:437,0
DA:440,0
DA:442,0
DA:443,0
DA:446,0
DA:456,0
DA:460,0
DA:467,0
DA:468,0
DA:470,0
DA:473,0
DA:477,0
DA:650,0
DA:651,0
DA:652,0
DA:654,0
LF:109
LH:0
BRDA:31,0,0,0
BRDA:31,0,1,0
BRDA:41,1,0,0
BRDA:41,1,1,0
BRDA:61,2,0,0
BRDA:61,2,1,0
BRDA:62,3,0,0
BRDA:62,3,1,0
BRDA:66,4,0,0
BRDA:66,4,1,0
BRDA:66,5,0,0
BRDA:66,5,1,0
BRDA:73,6,0,0
BRDA:73,6,1,0
BRDA:79,7,0,0
BRDA:79,7,1,0
BRDA:80,8,0,0
BRDA:80,8,1,0
BRDA:81,9,0,0
BRDA:81,9,1,0
BRDA:82,10,0,0
BRDA:82,10,1,0
BRDA:83,11,0,0
BRDA:83,11,1,0
BRDA:87,12,0,0
BRDA:87,12,1,0
BRDA:103,13,0,0
BRDA:106,14,0,0
BRDA:111,15,0,0
BRDA:111,15,1,0
BRDA:116,16,0,0
BRDA:116,16,1,0
BRDA:127,17,0,0
BRDA:127,17,1,0
BRDA:128,18,0,0
BRDA:128,18,1,0
BRDA:130,19,0,0
BRDA:130,19,1,0
BRDA:130,20,0,0
BRDA:130,20,1,0
BRDA:132,21,0,0
BRDA:132,21,1,0
BRDA:139,22,0,0
BRDA:139,22,1,0
BRDA:140,23,0,0
BRDA:140,23,1,0
BRDA:140,24,0,0
BRDA:140,24,1,0
BRDA:143,25,0,0
BRDA:143,25,1,0
BRDA:145,26,0,0
BRDA:145,26,1,0
BRDA:150,27,0,0
BRDA:150,27,1,0
BRDA:154,28,0,0
BRDA:154,28,1,0
BRDA:183,29,0,0
BRDA:189,30,0,0
BRDA:189,30,1,0
BRDA:191,31,0,0
BRDA:191,31,1,0
BRDA:192,32,0,0
BRDA:192,32,1,0
BRDA:196,33,0,0
BRDA:196,33,1,0
BRDA:196,34,0,0
BRDA:196,34,1,0
BRDA:219,35,0,0
BRDA:219,35,1,0
BRDA:227,36,0,0
BRDA:227,36,1,0
BRDA:228,37,0,0
BRDA:228,37,1,0
BRDA:230,38,0,0
BRDA:230,38,1,0
BRDA:235,39,0,0
BRDA:235,39,1,0
BRDA:240,40,0,0
BRDA:240,40,1,0
BRDA:245,41,0,0
BRDA:245,41,1,0
BRDA:245,42,0,0
BRDA:245,42,1,0
BRDA:248,43,0,0
BRDA:248,43,1,0
BRDA:250,44,0,0
BRDA:250,44,1,0
BRDA:255,45,0,0
BRDA:255,45,1,0
BRDA:259,46,0,0
BRDA:259,46,1,0
BRDA:264,47,0,0
BRDA:264,47,1,0
BRDA:278,48,0,0
BRDA:278,48,1,0
BRDA:283,49,0,0
BRDA:283,49,1,0
BRDA:287,50,0,0
BRDA:287,50,1,0
BRDA:298,51,0,0
BRDA:298,51,1,0
BRDA:354,52,0,0
BRDA:354,52,1,0
BRDA:354,53,0,0
BRDA:354,53,1,0
BRDA:356,54,0,0
BRDA:356,54,1,0
BRDA:361,55,0,0
BRDA:361,55,1,0
BRDA:361,56,0,0
BRDA:361,56,1,0
BRDA:363,57,0,0
BRDA:363,57,1,0
BRDA:368,58,0,0
BRDA:368,58,1,0
BRDA:368,59,0,0
BRDA:368,59,1,0
BRDA:373,60,0,0
BRDA:373,60,1,0
BRDA:373,61,0,0
BRDA:373,61,1,0
BRDA:375,62,0,0
BRDA:375,62,1,0
BRDA:380,63,0,0
BRDA:380,63,1,0
BRDA:380,64,0,0
BRDA:380,64,1,0
BRDA:387,65,0,0
BRDA:387,65,1,0
BRDA:396,66,0,0
BRDA:396,66,1,0
BRDA:408,67,0,0
BRDA:408,67,1,0
BRDA:415,68,0,0
BRDA:415,68,1,0
BRDA:426,69,0,0
BRDA:426,69,1,0
BRDA:428,70,0,0
BRDA:428,70,1,0
BRDA:483,71,0,0
BRDA:483,71,1,0
BRDA:626,72,0,0
BRDA:626,72,1,0
BRDA:634,73,0,0
BRDA:634,73,1,0
BRDA:637,74,0,0
BRDA:637,74,1,0
BRDA:639,75,0,0
BRDA:639,75,1,0
BRDA:650,76,0,0
BRDA:650,76,1,0
BRDA:660,77,0,0
BRDA:660,77,1,0
BRDA:662,78,0,0
BRDA:662,78,1,0
BRDA:664,79,0,0
BRDA:664,79,1,0
BRDA:671,80,0,0
BRDA:671,80,1,0
BRDA:679,81,0,0
BRDA:679,81,1,0
BRDA:681,82,0,0
BRDA:681,82,1,0
BRDA:683,83,0,0
BRDA:683,83,1,0
BRDA:684,84,0,0
BRDA:684,84,1,0
BRDA:690,85,0,0
BRDA:690,85,1,0
BRDA:691,86,0,0
BRDA:691,86,1,0
BRDA:691,86,2,0
BRDA:691,87,0,0
BRDA:691,87,1,0
BRDA:692,88,0,0
BRDA:692,88,1,0
BRDA:692,88,2,0
BRDA:693,89,0,0
BRDA:693,89,1,0
BRDA:693,89,2,0
BRDA:694,90,0,0
BRDA:694,90,1,0
BRDA:698,91,0,0
BRDA:698,91,1,0
BRDA:706,92,0,0
BRDA:706,92,1,0
BRDA:729,93,0,0
BRDA:729,93,1,0
BRDA:735,94,0,0
BRDA:735,94,1,0
BRF:190
BRH:0
end_of_record
TN:
SF:src\Pages\Feedback\SurveyEngine.jsx
FN:13,(anonymous_0)
FN:62,(anonymous_1)
FN:75,(anonymous_2)
FN:77,(anonymous_3)
FN:81,(anonymous_4)
FN:83,(anonymous_5)
FN:87,(anonymous_6)
FN:88,(anonymous_7)
FN:93,(anonymous_8)
FN:95,(anonymous_9)
FN:104,(anonymous_10)
FN:106,(anonymous_11)
FN:117,(anonymous_12)
FN:119,(anonymous_13)
FN:123,(anonymous_14)
FN:131,(anonymous_15)
FN:137,(anonymous_16)
FN:170,(anonymous_17)
FN:203,(anonymous_18)
FN:209,(anonymous_19)
FN:229,(anonymous_20)
FN:242,(anonymous_21)
FN:249,(anonymous_22)
FN:257,(anonymous_23)
FN:277,(anonymous_24)
FN:289,(anonymous_25)
FN:295,(anonymous_26)
FN:304,(anonymous_27)
FN:326,(anonymous_28)
FN:345,(anonymous_29)
FN:348,(anonymous_30)
FN:374,(anonymous_31)
FN:392,(anonymous_32)
FN:410,(anonymous_33)
FN:453,(anonymous_34)
FN:467,(anonymous_35)
FNF:36
FNH:0
FNDA:0,(anonymous_0)
FNDA:0,(anonymous_1)
FNDA:0,(anonymous_2)
FNDA:0,(anonymous_3)
FNDA:0,(anonymous_4)
FNDA:0,(anonymous_5)
FNDA:0,(anonymous_6)
FNDA:0,(anonymous_7)
FNDA:0,(anonymous_8)
FNDA:0,(anonymous_9)
FNDA:0,(anonymous_10)
FNDA:0,(anonymous_11)
FNDA:0,(anonymous_12)
FNDA:0,(anonymous_13)
FNDA:0,(anonymous_14)
FNDA:0,(anonymous_15)
FNDA:0,(anonymous_16)
FNDA:0,(anonymous_17)
FNDA:0,(anonymous_18)
FNDA:0,(anonymous_19)
FNDA:0,(anonymous_20)
FNDA:0,(anonymous_21)
FNDA:0,(anonymous_22)
FNDA:0,(anonymous_23)
FNDA:0,(anonymous_24)
FNDA:0,(anonymous_25)
FNDA:0,(anonymous_26)
FNDA:0,(anonymous_27)
FNDA:0,(anonymous_28)
FNDA:0,(anonymous_29)
FNDA:0,(anonymous_30)
FNDA:0,(anonymous_31)
FNDA:0,(anonymous_32)
FNDA:0,(anonymous_33)
FNDA:0,(anonymous_34)
FNDA:0,(anonymous_35)
DA:13,0
DA:14,0
DA:16,0
DA:17,0
DA:21,0
DA:46,0
DA:47,0
DA:55,0
DA:62,0
DA:63,0
DA:70,0
DA:71,0
DA:75,0
DA:76,0
DA:77,0
DA:81,0
DA:82,0
DA:83,0
DA:87,0
DA:88,0
DA:89,0
DA:93,0
DA:94,0
DA:96,0
DA:97,0
DA:99,0
DA:104,0
DA:105,0
DA:107,0
DA:108,0
DA:109,0
DA:110,0
DA:112,0
DA:117,0
DA:118,0
DA:120,0
DA:121,0
DA:123,0
DA:126,0
DA:131,0
DA:133,0
DA:134,0
DA:135,0
DA:137,0
DA:138,0
DA:139,0
DA:140,0
DA:143,0
DA:150,0
DA:153,0
DA:170,0
DA:203,0
DA:209,0
DA:230,0
DA:242,0
DA:249,0
DA:258,0
DA:278,0
DA:290,0
DA:295,0
DA:304,0
DA:326,0
DA:346,0
DA:348,0
DA:375,0
DA:393,0
DA:411,0
DA:454,0
DA:468,0
DA:469,0
DA:471,0
DA:477,0
LF:72
LH:0
BRDA:68,0,0,0
BRDA:68,0,1,0
BRDA:77,1,0,0
BRDA:77,1,1,0
BRDA:83,2,0,0
BRDA:83,2,1,0
BRDA:96,3,0,0
BRDA:96,3,1,0
BRDA:107,4,0,0
BRDA:107,4,1,0
BRDA:120,5,0,0
BRDA:120,5,1,0
BRDA:133,6,0,0
BRDA:133,6,1,0
BRDA:138,7,0,0
BRDA:138,7,1,0
BRDA:170,8,0,0
BRDA:170,8,1,0
BRDA:174,9,0,0
BRDA:174,9,1,0
BRDA:189,10,0,0
BRDA:189,10,1,0
BRDA:219,11,0,0
BRDA:219,11,1,0
BRDA:274,12,0,0
BRDA:274,12,1,0
BRDA:314,13,0,0
BRDA:314,13,1,0
BRDA:377,14,0,0
BRDA:377,14,1,0
BRDA:378,15,0,0
BRDA:378,15,1,0
BRDA:381,16,0,0
BRDA:381,16,1,0
BRDA:390,17,0,0
BRDA:390,17,1,0
BRDA:408,18,0,0
BRDA:408,18,1,0
BRDA:437,19,0,0
BRDA:437,19,1,0
BRDA:446,20,0,0
BRDA:446,20,1,0
BRDA:468,21,0,0
BRDA:468,21,1,0
BRF:44
BRH:0
end_of_record
TN:
SF:src\Pages\Hackathons\HackathonCTA.js
FN:6,(anonymous_0)
FN:30,(anonymous_1)
FN:99,(anonymous_2)
FN:118,(anonymous_3)
FN:126,(anonymous_4)
FN:130,(anonymous_5)
FN:148,(anonymous_6)
FNF:7
FNH:0
FNDA:0,(anonymous_0)
FNDA:0,(anonymous_1)
FNDA:0,(anonymous_2)
FNDA:0,(anonymous_3)
FNDA:0,(anonymous_4)
FNDA:0,(anonymous_5)
FNDA:0,(anonymous_6)
DA:6,0
DA:7,0
DA:8,0
DA:11,0
DA:18,0
DA:31,0
DA:99,0
DA:118,0
DA:126,0
DA:130,0
DA:148,0
LF:11
LH:0
BRDA:36,0,0,0
BRDA:36,0,1,0
BRDA:57,1,0,0
BRDA:57,1,1,0
BRDA:69,2,0,0
BRDA:69,2,1,0
BRDA:82,3,0,0
BRDA:82,3,1,0
BRDA:112,4,0,0
BRDA:112,4,1,0
BRDA:125,5,0,0
BRDA:125,5,1,0
BRF:12
BRH:0
end_of_record
TN:
SF:src\Pages\Hackathons\HackathonCard.js
FN:19,(anonymous_0)
FN:21,(anonymous_1)
FN:37,(anonymous_2)
FN:40,(anonymous_3)
FN:44,(anonymous_4)
FN:50,(anonymous_5)
FN:82,(anonymous_6)
FN:102,(anonymous_7)
FN:139,(anonymous_8)
FN:150,(anonymous_9)
FN:276,(anonymous_10)
FN:296,(anonymous_11)
FN:324,(anonymous_12)
FNF:13
FNH:0
FNDA:0,(anonymous_0)
FNDA:0,(anonymous_1)
FNDA:0,(anonymous_2)
FNDA:0,(anonymous_3)
FNDA:0,(anonymous_4)
FNDA:0,(anonymous_5)
FNDA:0,(anonymous_6)
FNDA:0,(anonymous_7)
FNDA:0,(anonymous_8)
FNDA:0,(anonymous_9)
FNDA:0,(anonymous_10)
FNDA:0,(anonymous_11)
FNDA:0,(anonymous_12)
DA:19,0
DA:20,0
DA:21,0
DA:22,0
DA:24,0
DA:25,0
DA:28,0
DA:35,0
DA:37,0
DA:38,0
DA:40,0
DA:41,0
DA:44,0
DA:47,0
DA:50,0
DA:51,0
DA:53,0
DA:54,0
DA:61,0
DA:63,0
DA:82,0
DA:83,0
DA:85,0
DA:86,0
DA:89,0
DA:102,0
DA:103,0
DA:104,0
DA:105,0
DA:107,0
DA:108,0
DA:111,0
DA:112,0
DA:115,0
DA:118,0
DA:139,0
DA:140,0
DA:141,0
DA:142,0
DA:147,0
DA:150,0
DA:151,0
DA:152,0
DA:153,0
DA:172,0
DA:175,0
DA:176,0
DA:181,0
DA:277,0
DA:297,0
DA:324,0
LF:51
LH:0
BRDA:24,0,0,0
BRDA:24,0,1,0
BRDA:24,1,0,0
BRDA:24,1,1,0
BRDA:53,2,0,0
BRDA:53,2,1,0
BRDA:66,3,0,0
BRDA:66,3,1,0
BRDA:71,4,0,0
BRDA:71,4,1,0
BRDA:74,5,0,0
BRDA:74,5,1,0
BRDA:83,6,0,0
BRDA:83,6,1,0
BRDA:85,7,0,0
BRDA:85,7,1,0
BRDA:85,8,0,0
BRDA:85,8,1,0
BRDA:85,8,2,0
BRDA:92,9,0,0
BRDA:92,9,1,0
BRDA:97,10,0,0
BRDA:97,10,1,0
BRDA:107,11,0,0
BRDA:107,11,1,0
BRDA:111,12,0,0
BRDA:111,12,1,0
BRDA:111,13,0,0
BRDA:111,13,1,0
BRDA:150,14,0,0
BRDA:155,15,0,0
BRDA:155,15,1,0
BRDA:156,16,0,0
BRDA:156,16,1,0
BRDA:157,17,0,0
BRDA:157,17,1,0
BRDA:158,18,0,0
BRDA:158,18,1,0
BRDA:159,19,0,0
BRDA:159,19,1,0
BRDA:160,20,0,0
BRDA:160,20,1,0
BRDA:162,21,0,0
BRDA:162,21,1,0
BRDA:162,22,0,0
BRDA:162,22,1,0
BRDA:165,23,0,0
BRDA:165,23,1,0
BRDA:166,24,0,0
BRDA:166,24,1,0
BRDA:167,25,0,0
BRDA:167,25,1,0
BRDA:168,26,0,0
BRDA:168,26,1,0
BRDA:172,27,0,0
BRDA:172,27,1,0
BRDA:172,28,0,0
BRDA:172,28,1,0
BRDA:174,29,0,0
BRDA:174,29,1,0
BRDA:175,30,0,0
BRDA:175,30,1,0
BRDA:185,31,0,0
BRDA:185,31,1,0
BRDA:189,32,0,0
BRDA:189,32,1,0
BRDA:225,33,0,0
BRDA:225,33,1,0
BRDA:254,34,0,0
BRDA:254,34,1,0
BRDA:254,35,0,0
BRDA:254,35,1,0
BRDA:268,36,0,0
BRDA:268,36,1,0
BRDA:268,36,2,0
BRDA:271,37,0,0
BRDA:271,37,1,0
BRDA:271,37,2,0
BRDA:284,38,0,0
BRDA:284,38,1,0
BRDA:300,39,0,0
BRDA:300,39,1,0
BRDA:307,40,0,0
BRDA:307,40,1,0
BRDA:314,41,0,0
BRDA:314,41,1,0
BRDA:320,42,0,0
BRDA:320,42,1,0
BRDA:344,43,0,0
BRDA:344,43,1,0
BRDA:350,44,0,0
BRDA:350,44,1,0
BRF:92
BRH:0
end_of_record
TN:
SF:src\Pages\Hackathons\HackathonDetailsPage.js
FN:8,(anonymous_0)
FN:18,(anonymous_1)
FN:21,(anonymous_2)
FN:184,(anonymous_3)
FN:201,(anonymous_4)
FNF:5
FNH:0
FNDA:0,(anonymous_0)
FNDA:0,(anonymous_1)
FNDA:0,(anonymous_2)
FNDA:0,(anonymous_3)
FNDA:0,(anonymous_4)
DA:8,0
DA:9,0
DA:10,0
DA:11,0
DA:13,0
DA:14,0
DA:15,0
DA:18,0
DA:19,0
DA:20,0
DA:21,0
DA:23,0
DA:24,0
DA:44,0
DA:45,0
DA:51,0
DA:52,0
DA:54,0
DA:185,0
DA:202,0
LF:20
LH:0
BRDA:13,0,0,0
BRDA:13,0,1,0
BRDA:14,1,0,0
BRDA:14,1,1,0
BRDA:14,2,0,0
BRDA:14,2,1,0
BRDA:23,3,0,0
BRDA:23,3,1,0
BRDA:52,4,0,0
BRDA:52,4,1,0
BRDA:72,5,0,0
BRDA:72,5,1,0
BRDA:84,6,0,0
BRDA:84,6,1,0
BRDA:184,7,0,0
BRDA:184,7,1,0
BRDA:201,8,0,0
BRDA:201,8,1,0
BRF:18
BRH:0
end_of_record
TN:
SF:src\Pages\Hackathons\HackathonHero.js
FN:10,(anonymous_0)
FN:19,(anonymous_1)
FN:27,HackathonHero
FN:130,(anonymous_3)
FN:135,(anonymous_4)
FN:141,(anonymous_5)
FN:143,(anonymous_6)
FN:151,(anonymous_7)
FN:156,(anonymous_8)
FN:195,(anonymous_9)
FN:215,(anonymous_10)
FNF:11
FNH:0
FNDA:0,(anonymous_0)
FNDA:0,(anonymous_1)
FNDA:0,HackathonHero
FNDA:0,(anonymous_3)
FNDA:0,(anonymous_4)
FNDA:0,(anonymous_5)
FNDA:0,(anonymous_6)
FNDA:0,(anonymous_7)
FNDA:0,(anonymous_8)
FNDA:0,(anonymous_9)
FNDA:0,(anonymous_10)
DA:10,0
DA:11,0
DA:19,0
DA:40,0
DA:41,0
DA:42,0
DA:44,0
DA:130,0
DA:136,0
DA:142,0
DA:143,0
DA:152,0
DA:156,0
DA:196,0
DA:197,0
DA:216,0
LF:16
LH:0
BRDA:28,0,0,0
BRDA:32,1,0,0
BRDA:33,2,0,0
BRDA:37,3,0,0
BRDA:51,4,0,0
BRDA:51,4,1,0
BRDA:56,5,0,0
BRDA:56,5,1,0
BRDA:61,6,0,0
BRDA:61,6,1,0
BRDA:82,7,0,0
BRDA:82,7,1,0
BRDA:93,8,0,0
BRDA:93,8,1,0
BRDA:112,9,0,0
BRDA:112,9,1,0
BRDA:123,10,0,0
BRDA:123,10,1,0
BRDA:140,11,0,0
BRDA:140,11,1,0
BRDA:158,12,0,0
BRDA:158,12,1,0
BRDA:168,13,0,0
BRDA:168,13,1,0
BRDA:177,14,0,0
BRDA:177,14,1,0
BRDA:196,15,0,0
BRDA:196,15,1,0
BRDA:208,16,0,0
BRDA:208,16,1,0
BRDA:208,16,2,0
BRDA:221,17,0,0
BRDA:221,17,1,0
BRF:33
BRH:0
end_of_record
TN:
SF:src\Pages\Hackathons\HackathonLifecycle.jsx
FN:113,(anonymous_0)
FN:121,(anonymous_1)
FN:124,(anonymous_2)
FN:126,(anonymous_3)
FN:130,(anonymous_4)
FN:141,(anonymous_5)
FN:144,(anonymous_6)
FN:184,(anonymous_7)
FN:208,(anonymous_8)
FN:211,(anonymous_9)
FN:230,(anonymous_10)
FN:239,(anonymous_11)
FN:344,(anonymous_12)
FN:391,(anonymous_13)
FN:394,(anonymous_14)
FNF:15
FNH:0
FNDA:0,(anonymous_0)
FNDA:0,(anonymous_1)
FNDA:0,(anonymous_2)
FNDA:0,(anonymous_3)
FNDA:0,(anonymous_4)
FNDA:0,(anonymous_5)
FNDA:0,(anonymous_6)
FNDA:0,(anonymous_7)
FNDA:0,(anonymous_8)
FNDA:0,(anonymous_9)
FNDA:0,(anonymous_10)
FNDA:0,(anonymous_11)
FNDA:0,(anonymous_12)
FNDA:0,(anonymous_13)
FNDA:0,(anonymous_14)
DA:21,0
DA:113,0
DA:116,0
DA:117,0
DA:118,0
DA:119,0
DA:121,0
DA:124,0
DA:125,0
DA:127,0
DA:128,0
DA:131,0
DA:135,0
DA:141,0
DA:142,0
DA:143,0
DA:145,0
DA:146,0
DA:147,0
DA:148,0
DA:151,0
DA:153,0
DA:155,0
DA:163,0
DA:184,0
DA:209,0
DA:211,0
DA:231,0
DA:232,0
DA:233,0
DA:234,0
DA:236,0
DA:239,0
DA:345,0
DA:392,0
DA:394,0
LF:36
LH:0
BRDA:127,0,0,0
BRDA:127,0,1,0
BRDA:131,1,0,0
BRDA:131,1,1,0
BRDA:146,2,0,0
BRDA:146,2,1,0
BRDA:147,3,0,0
BRDA:147,3,1,0
BRDA:153,4,0,0
BRDA:153,4,1,0
BRDA:186,5,0,0
BRDA:186,5,1,0
BRDA:192,6,0,0
BRDA:192,6,1,0
BRDA:198,7,0,0
BRDA:198,7,1,0
BRDA:213,8,0,0
BRDA:213,8,1,0
BRDA:241,9,0,0
BRDA:241,9,1,0
BRDA:245,10,0,0
BRDA:245,10,1,0
BRDA:249,11,0,0
BRDA:249,11,1,0
BRDA:251,12,0,0
BRDA:251,12,1,0
BRDA:274,13,0,0
BRDA:274,13,1,0
BRDA:276,14,0,0
BRDA:276,14,1,0
BRDA:289,15,0,0
BRDA:289,15,1,0
BRDA:320,16,0,0
BRDA:320,16,1,0
BRDA:324,17,0,0
BRDA:324,17,1,0
BRDA:343,18,0,0
BRDA:343,18,1,0
BRDA:343,19,0,0
BRDA:343,19,1,0
BRDA:396,20,0,0
BRDA:396,20,1,0
BRDA:402,21,0,0
BRDA:402,21,1,0
BRDA:408,22,0,0
BRDA:408,22,1,0
BRF:46
BRH:0
end_of_record
TN:
SF:src\Pages\Hackathons\HackathonPage.js
FN:19,(anonymous_0)
FN:28,(anonymous_1)
FN:36,(anonymous_2)
FN:60,(anonymous_3)
FN:65,(anonymous_4)
FN:72,(anonymous_5)
FN:77,(anonymous_6)
FN:83,(anonymous_7)
FN:91,(anonymous_8)
FN:126,(anonymous_9)
FN:137,(anonymous_10)
FN:138,(anonymous_11)
FN:142,(anonymous_12)
FN:156,(anonymous_13)
FN:166,(anonymous_14)
FN:170,(anonymous_15)
FN:181,(anonymous_16)
FN:182,(anonymous_17)
FN:184,(anonymous_18)
FN:191,(anonymous_19)
FN:204,(anonymous_20)
FN:213,(anonymous_21)
FN:216,(anonymous_22)
FN:217,(anonymous_23)
FN:227,(anonymous_24)
FN:273,(anonymous_25)
FN:282,(anonymous_26)
FN:289,(anonymous_27)
FN:367,(anonymous_28)
FN:401,(anonymous_29)
FN:429,(anonymous_30)
FN:466,(anonymous_31)
FN:496,(anonymous_32)
FN:506,(anonymous_33)
FN:514,(anonymous_34)
FN:528,(anonymous_35)
FN:531,(anonymous_36)
FN:562,(anonymous_37)
FN:565,(anonymous_38)
FN:582,(anonymous_39)
FN:595,(anonymous_40)
FN:626,(anonymous_41)
FN:705,(anonymous_42)
FNF:43
FNH:0
FNDA:0,(anonymous_0)
FNDA:0,(anonymous_1)
FNDA:0,(anonymous_2)
FNDA:0,(anonymous_3)
FNDA:0,(anonymous_4)
FNDA:0,(anonymous_5)
FNDA:0,(anonymous_6)
FNDA:0,(anonymous_7)
FNDA:0,(anonymous_8)
FNDA:0,(anonymous_9)
FNDA:0,(anonymous_10)
FNDA:0,(anonymous_11)
FNDA:0,(anonymous_12)
FNDA:0,(anonymous_13)
FNDA:0,(anonymous_14)
FNDA:0,(anonymous_15)
FNDA:0,(anonymous_16)
FNDA:0,(anonymous_17)
FNDA:0,(anonymous_18)
FNDA:0,(anonymous_19)
FNDA:0,(anonymous_20)
FNDA:0,(anonymous_21)
FNDA:0,(anonymous_22)
FNDA:0,(anonymous_23)
FNDA:0,(anonymous_24)
FNDA:0,(anonymous_25)
FNDA:0,(anonymous_26)
FNDA:0,(anonymous_27)
FNDA:0,(anonymous_28)
FNDA:0,(anonymous_29)
FNDA:0,(anonymous_30)
FNDA:0,(anonymous_31)
FNDA:0,(anonymous_32)
FNDA:0,(anonymous_33)
FNDA:0,(anonymous_34)
FNDA:0,(anonymous_35)
FNDA:0,(anonymous_36)
FNDA:0,(anonymous_37)
FNDA:0,(anonymous_38)
FNDA:0,(anonymous_39)
FNDA:0,(anonymous_40)
FNDA:0,(anonymous_41)
FNDA:0,(anonymous_42)
DA:19,0
DA:20,0
DA:28,0
DA:36,0
DA:37,0
DA:38,0
DA:39,0
DA:40,0
DA:41,0
DA:42,0
DA:43,0
DA:48,0
DA:49,0
DA:51,0
DA:54,0
DA:55,0
DA:57,0
DA:58,0
DA:60,0
DA:61,0
DA:65,0
DA:66,0
DA:67,0
DA:68,0
DA:70,0
DA:72,0
DA:75,0
DA:77,0
DA:78,0
DA:80,0
DA:81,0
DA:83,0
DA:84,0
DA:87,0
DA:88,0
DA:89,0
DA:91,0
DA:92,0
DA:93,0
DA:97,0
DA:102,0
DA:113,0
DA:126,0
DA:127,0
DA:128,0
DA:130,0
DA:131,0
DA:132,0
DA:137,0
DA:138,0
DA:142,0
DA:143,0
DA:145,0
DA:146,0
DA:150,0
DA:155,0
DA:156,0
DA:159,0
DA:165,0
DA:166,0
DA:170,0
DA:171,0
DA:176,0
DA:177,0
DA:181,0
DA:182,0
DA:184,0
DA:185,0
DA:191,0
DA:198,0
DA:199,0
DA:201,0
DA:202,0
DA:204,0
DA:205,0
DA:206,0
DA:207,0
DA:213,0
DA:216,0
DA:217,0
DA:218,0
DA:223,0
DA:226,0
DA:227,0
DA:230,0
DA:232,0
DA:274,0
DA:275,0
DA:283,0
DA:290,0
DA:291,0
DA:305,0
DA:368,0
DA:402,0
DA:429,0
DA:467,0
DA:497,0
DA:506,0
DA:515,0
DA:529,0
DA:531,0
DA:563,0
DA:565,0
DA:583,0
DA:596,0
DA:627,0
DA:635,0
DA:637,0
LF:108
LH:0
BRDA:72,0,0,0
BRDA:72,0,1,0
BRDA:98,1,0,0
BRDA:98,1,1,0
BRDA:99,2,0,0
BRDA:99,2,1,0
BRDA:119,3,0,0
BRDA:119,3,1,0
BRDA:127,4,0,0
BRDA:127,4,1,0
BRDA:131,5,0,0
BRDA:131,5,1,0
BRDA:143,6,0,0
BRDA:143,6,1,0
BRDA:143,7,0,0
BRDA:143,7,1,0
BRDA:143,7,2,0
BRDA:155,8,0,0
BRDA:155,8,1,0
BRDA:196,9,0,0
BRDA:205,10,0,0
BRDA:205,10,1,0
BRDA:205,11,0,0
BRDA:205,11,1,0
BRDA:218,12,0,0
BRDA:218,12,1,0
BRDA:219,13,0,0
BRDA:219,13,1,0
BRDA:219,13,2,0
BRDA:230,14,0,0
BRDA:230,14,1,0
BRDA:245,15,0,0
BRDA:245,15,1,0
BRDA:253,16,0,0
BRDA:253,16,1,0
BRDA:285,17,0,0
BRDA:285,17,1,0
BRDA:378,18,0,0
BRDA:378,18,1,0
BRDA:378,18,2,0
BRDA:431,19,0,0
BRDA:431,19,1,0
BRDA:441,20,0,0
BRDA:441,20,1,0
BRDA:443,21,0,0
BRDA:443,21,1,0
BRDA:443,21,2,0
BRDA:443,21,3,0
BRDA:443,21,4,0
BRDA:456,22,0,0
BRDA:456,22,1,0
BRDA:475,23,0,0
BRDA:475,23,1,0
BRDA:480,24,0,0
BRDA:480,24,1,0
BRDA:522,25,0,0
BRDA:522,25,1,0
BRDA:533,26,0,0
BRDA:533,26,1,0
BRDA:567,27,0,0
BRDA:567,27,1,0
BRDA:580,28,0,0
BRDA:580,28,1,0
BRDA:586,29,0,0
BRDA:586,29,1,0
BRDA:609,30,0,0
BRDA:609,30,1,0
BRDA:619,31,0,0
BRDA:619,31,1,0
BRDA:654,32,0,0
BRDA:654,32,1,0
BRDA:668,33,0,0
BRDA:668,33,1,0
BRDA:682,34,0,0
BRDA:682,34,1,0
BRDA:682,35,0,0
BRDA:682,35,1,0
BRDA:682,35,2,0
BRDA:682,35,3,0
BRDA:682,35,4,0
BRF:80
BRH:0
end_of_record
TN:
SF:src\Pages\Hackathons\HostHackathon.js
FN:25,(anonymous_0)
FN:32,(anonymous_1)
FN:65,(anonymous_2)
FN:68,(anonymous_3)
FN:81,(anonymous_4)
FN:147,(anonymous_5)
FN:163,(anonymous_6)
FN:368,(anonymous_7)
FN:408,(anonymous_8)
FN:494,(anonymous_9)
FN:537,(anonymous_10)
FNF:11
FNH:0
FNDA:0,(anonymous_0)
FNDA:0,(anonymous_1)
FNDA:0,(anonymous_2)
FNDA:0,(anonymous_3)
FNDA:0,(anonymous_4)
FNDA:0,(anonymous_5)
FNDA:0,(anonymous_6)
FNDA:0,(anonymous_7)
FNDA:0,(anonymous_8)
FNDA:0,(anonymous_9)
FNDA:0,(anonymous_10)
DA:25,0
DA:26,0
DA:27,0
DA:28,0
DA:29,0
DA:30,0
DA:32,0
DA:33,0
DA:34,0
DA:35,0
DA:38,0
DA:50,0
DA:52,0
DA:65,0
DA:66,0
DA:67,0
DA:68,0
DA:71,0
DA:81,0
DA:82,0
DA:85,0
DA:86,0
DA:87,0
DA:92,0
DA:93,0
DA:98,0
DA:99,0
DA:104,0
DA:105,0
DA:109,0
DA:110,0
DA:111,0
DA:112,0
DA:117,0
DA:118,0
DA:119,0
DA:120,0
DA:125,0
DA:126,0
DA:127,0
DA:129,0
DA:130,0
DA:134,0
DA:135,0
DA:140,0
DA:141,0
DA:144,0
DA:147,0
DA:148,0
DA:150,0
DA:151,0
DA:152,0
DA:153,0
DA:156,0
DA:158,0
DA:159,0
DA:160,0
DA:163,0
DA:166,0
DA:167,0
DA:171,0
DA:174,0
DA:177,0
DA:178,0
DA:179,0
DA:192,0
DA:194,0
DA:207,0
DA:209,0
DA:210,0
DA:212,0
DA:216,0
DA:268,0
DA:369,0
DA:409,0
DA:495,0
DA:537,0
LF:77
LH:0
BRDA:33,0,0,0
BRDA:33,0,1,0
BRDA:86,1,0,0
BRDA:86,1,1,0
BRDA:92,2,0,0
BRDA:92,2,1,0
BRDA:92,3,0,0
BRDA:92,3,1,0
BRDA:98,4,0,0
BRDA:98,4,1,0
BRDA:98,5,0,0
BRDA:98,5,1,0
BRDA:104,6,0,0
BRDA:104,6,1,0
BRDA:104,7,0,0
BRDA:104,7,1,0
BRDA:109,8,0,0
BRDA:109,8,1,0
BRDA:111,9,0,0
BRDA:111,9,1,0
BRDA:117,10,0,0
BRDA:117,10,1,0
BRDA:119,11,0,0
BRDA:119,11,1,0
BRDA:126,12,0,0
BRDA:126,12,1,0
BRDA:126,13,0,0
BRDA:126,13,1,0
BRDA:129,14,0,0
BRDA:129,14,1,0
BRDA:129,15,0,0
BRDA:129,15,1,0
BRDA:129,15,2,0
BRDA:134,16,0,0
BRDA:134,16,1,0
BRDA:134,17,0,0
BRDA:134,17,1,0
BRDA:140,18,0,0
BRDA:140,18,1,0
BRDA:140,19,0,0
BRDA:140,19,1,0
BRDA:150,20,0,0
BRDA:150,20,1,0
BRDA:158,21,0,0
BRDA:158,21,1,0
BRDA:163,22,0,0
BRDA:163,22,1,0
BRDA:166,23,0,0
BRDA:166,23,1,0
BRDA:209,24,0,0
BRDA:209,24,1,0
BRDA:209,24,2,0
BRDA:274,25,0,0
BRDA:274,25,1,0
BRDA:293,26,0,0
BRDA:293,26,1,0
BRDA:362,27,0,0
BRDA:362,27,1,0
BRDA:374,28,0,0
[...]
BRDA:73,8,1,0
BRDA:78,9,0,0
BRDA:78,9,1,0
BRDA:80,10,0,0
BRDA:80,10,1,0
BRDA:81,11,0,0
BRDA:81,11,1,0
BRDA:95,12,0,0
BRDA:95,12,1,0
BRDA:100,13,0,0
BRDA:100,13,1,0
BRDA:103,14,0,0
BRDA:103,14,1,0
BRDA:104,15,0,0
BRDA:104,15,1,0
BRDA:116,16,0,0
BRDA:117,17,0,0
BRDA:117,17,1,0
BRDA:117,18,0,0
BRDA:117,18,1,0
BRDA:130,19,0,0
BRDA:130,19,1,0
BRDA:134,20,0,0
BRDA:134,20,1,0
BRDA:138,21,0,0
BRDA:138,21,1,0
BRDA:142,22,0,0
BRDA:142,22,1,0
BRDA:143,23,0,0
BRDA:143,23,1,0
BRDA:144,24,0,0
BRDA:144,24,1,0
BRF:48
BRH:0
end_of_record
TN:
SF:src\utils\calendarUrlUtils.js
FN:49,(anonymous_0)
FN:53,(anonymous_1)
FN:84,(anonymous_2)
FN:115,(anonymous_3)
FN:151,(anonymous_4)
FNF:5
FNH:0
FNDA:0,(anonymous_0)
FNDA:0,(anonymous_1)
FNDA:0,(anonymous_2)
FNDA:0,(anonymous_3)
FNDA:0,(anonymous_4)
DA:49,0
DA:50,0
DA:53,0
DA:56,0
DA:57,0
DA:58,0
DA:59,0
DA:60,0
DA:61,0
DA:63,0
DA:66,0
DA:70,0
DA:84,0
DA:85,0
DA:87,0
DA:91,0
DA:92,0
DA:95,0
DA:97,0
DA:115,0
DA:116,0
DA:118,0
DA:121,0
DA:122,0
DA:123,0
DA:132,0
DA:133,0
DA:135,0
DA:151,0
DA:152,0
DA:154,0
DA:156,0
DA:157,0
DA:158,0
DA:169,0
DA:170,0
DA:172,0
LF:37
LH:0
BRDA:49,0,0,0
BRDA:63,1,0,0
BRDA:63,1,1,0
BRDA:85,2,0,0
BRDA:85,2,1,0
BRDA:85,3,0,0
BRDA:85,3,1,0
BRDA:87,4,0,0
BRDA:87,4,1,0
BRDA:92,5,0,0
BRDA:92,5,1,0
BRDA:95,6,0,0
BRDA:95,6,1,0
BRDA:116,7,0,0
BRDA:116,7,1,0
BRDA:121,8,0,0
BRDA:121,8,1,0
BRDA:122,9,0,0
BRDA:122,9,1,0
BRDA:125,10,0,0
BRDA:125,10,1,0
BRDA:127,11,0,0
BRDA:127,11,1,0
BRDA:128,12,0,0
BRDA:128,12,1,0
BRDA:137,13,0,0
BRDA:137,13,1,0
BRDA:139,14,0,0
BRDA:139,14,1,0
BRDA:140,15,0,0
BRDA:140,15,1,0
BRDA:152,16,0,0
BRDA:152,16,1,0
BRDA:156,17,0,0
BRDA:156,17,1,0
BRDA:157,18,0,0
BRDA:157,18,1,0
BRDA:161,19,0,0
BRDA:161,19,1,0
BRDA:164,20,0,0
BRDA:164,20,1,0
BRDA:165,21,0,0
BRDA:165,21,1,0
BRDA:175,22,0,0
BRDA:175,22,1,0
BRDA:178,23,0,0
BRDA:178,23,1,0
BRDA:179,24,0,0
BRDA:179,24,1,0
BRF:49
BRH:0
end_of_record
TN:
SF:src\utils\calendarUtils.js
FN:18,(anonymous_0)
FN:64,(anonymous_1)
FN:73,(anonymous_2)
FN:112,(anonymous_3)
FN:129,(anonymous_4)
FNF:5
FNH:0
FNDA:0,(anonymous_0)
FNDA:0,(anonymous_1)
FNDA:0,(anonymous_2)
FNDA:0,(anonymous_3)
FNDA:0,(anonymous_4)
DA:18,0
DA:20,0
DA:25,0
DA:27,0
DA:28,0
DA:29,0
DA:30,0
DA:33,0
DA:37,0
DA:38,0
DA:40,0
DA:41,0
DA:42,0
DA:43,0
DA:46,0
DA:50,0
DA:54,0
DA:63,0
DA:64,0
DA:67,0
DA:73,0
DA:75,0
DA:76,0
DA:78,0
DA:79,0
DA:80,0
DA:81,0
DA:82,0
DA:85,0
DA:86,0
DA:88,0
DA:93,0
DA:95,0
DA:112,0
DA:113,0
DA:116,0
DA:117,0
DA:120,0
DA:123,0
DA:129,0
DA:130,0
LF:41
LH:0
BRDA:25,0,0,0
BRDA:25,0,1,0
BRDA:37,1,0,0
BRDA:37,1,1,0
BRDA:38,2,0,0
BRDA:38,2,1,0
BRDA:56,3,0,0
BRDA:56,3,1,0
BRDA:57,4,0,0
BRDA:57,4,1,0
BRDA:58,5,0,0
BRDA:58,5,1,0
BRDA:76,6,0,0
BRDA:76,6,1,0
BRDA:79,7,0,0
BRDA:79,7,1,0
BRDA:85,8,0,0
BRDA:85,8,1,0
BRDA:85,9,0,0
BRDA:85,9,1,0
BRDA:86,10,0,0
BRDA:86,10,1,0
BRDA:86,11,0,0
BRDA:86,11,1,0
BRDA:93,12,0,0
BRDA:93,12,1,0
BRDA:97,13,0,0
BRDA:97,13,1,0
BRDA:98,14,0,0
BRDA:98,14,1,0
BRDA:99,15,0,0
BRDA:99,15,1,0
BRDA:102,16,0,0
BRDA:102,16,1,0
BRDA:112,17,0,0
BRDA:132,18,0,0
BRDA:132,18,1,0
BRDA:133,19,0,0
BRDA:133,19,1,0
BRF:39
BRH:0
end_of_record
TN:
SF:src\utils\conflictDetection.js
FN:38,(anonymous_0)
FN:52,(anonymous_1)
FN:77,(anonymous_2)
FN:93,(anonymous_3)
FN:112,(anonymous_4)
FN:155,(anonymous_5)
FN:166,(anonymous_6)
FN:167,(anonymous_7)
FN:179,(anonymous_8)
FN:205,(anonymous_9)
FN:218,(anonymous_10)
FN:221,(anonymous_11)
FN:227,(anonymous_12)
FN:239,(anonymous_13)
FN:242,(anonymous_14)
FN:250,(anonymous_15)
FN:269,(anonymous_16)
FN:298,(anonymous_17)
FNF:18
FNH:0
FNDA:0,(anonymous_0)
FNDA:0,(anonymous_1)
FNDA:0,(anonymous_2)
FNDA:0,(anonymous_3)
FNDA:0,(anonymous_4)
FNDA:0,(anonymous_5)
FNDA:0,(anonymous_6)
FNDA:0,(anonymous_7)
FNDA:0,(anonymous_8)
FNDA:0,(anonymous_9)
FNDA:0,(anonymous_10)
FNDA:0,(anonymous_11)
FNDA:0,(anonymous_12)
FNDA:0,(anonymous_13)
FNDA:0,(anonymous_14)
FNDA:0,(anonymous_15)
FNDA:0,(anonymous_16)
FNDA:0,(anonymous_17)
DA:38,0
DA:39,0
DA:40,0
DA:52,0
DA:53,0
DA:55,0
DA:56,0
DA:58,0
DA:60,0
DA:61,0
DA:77,0
DA:78,0
DA:79,0
DA:80,0
DA:81,0
DA:93,0
DA:94,0
DA:95,0
DA:96,0
DA:112,0
DA:118,0
DA:119,0
DA:120,0
DA:123,0
DA:125,0
DA:132,0
DA:133,0
DA:134,0
DA:135,0
DA:136,0
DA:138,0
DA:141,0
DA:142,0
DA:143,0
DA:155,0
DA:161,0
DA:163,0
DA:165,0
DA:166,0
DA:167,0
DA:179,0
DA:185,0
DA:191,0
DA:205,0
DA:213,0
DA:215,0
DA:218,0
DA:219,0
DA:220,0
DA:221,0
DA:223,0
DA:227,0
DA:228,0
DA:234,0
DA:238,0
DA:240,0
DA:242,0
DA:245,0
DA:246,0
DA:249,0
DA:250,0
DA:253,0
DA:269,0
DA:275,0
DA:278,0
DA:279,0
DA:280,0
DA:281,0
DA:283,0
DA:290,0
DA:295,0
DA:296,0
DA:298,0
DA:299,0
DA:300,0
DA:301,0
DA:302,0
DA:303,0
DA:306,0
LF:79
LH:0
BRDA:38,0,0,0
BRDA:40,1,0,0
BRDA:40,1,1,0
BRDA:40,2,0,0
BRDA:40,2,1,0
BRDA:52,3,0,0
BRDA:53,4,0,0
BRDA:53,4,1,0
BRDA:55,5,0,0
BRDA:55,5,1,0
BRDA:55,5,2,0
BRDA:55,5,3,0
BRDA:58,6,0,0
BRDA:58,6,1,0
BRDA:78,7,0,0
BRDA:78,7,1,0
BRDA:80,8,0,0
BRDA:80,8,1,0
BRDA:93,9,0,0
BRDA:115,10,0,0
BRDA:118,11,0,0
BRDA:118,11,1,0
BRDA:123,12,0,0
BRDA:123,12,1,0
BRDA:123,13,0,0
BRDA:123,13,1,0
BRDA:125,14,0,0
BRDA:125,14,1,0
BRDA:136,15,0,0
BRDA:136,15,1,0
BRDA:136,16,0,0
BRDA:136,16,1,0
BRDA:136,16,2,0
BRDA:138,17,0,0
BRDA:138,17,1,0
BRDA:143,18,0,0
BRDA:143,18,1,0
BRDA:158,19,0,0
BRDA:161,20,0,0
BRDA:161,20,1,0
BRDA:161,21,0,0
BRDA:161,21,1,0
BRDA:163,22,0,0
BRDA:163,22,1,0
BRDA:166,23,0,0
BRDA:166,23,1,0
BRDA:182,24,0,0
BRDA:209,25,0,0
BRDA:210,26,0,0
BRDA:213,27,0,0
BRDA:213,27,1,0
BRDA:213,28,0,0
BRDA:213,28,1,0
BRDA:215,29,0,0
BRDA:215,29,1,0
BRDA:221,30,0,0
BRDA:221,30,1,0
BRDA:223,31,0,0
BRDA:223,31,1,0
BRDA:240,32,0,0
BRDA:240,32,1,0
BRDA:240,32,2,0
BRDA:245,33,0,0
BRDA:245,33,1,0
BRDA:271,34,0,0
BRDA:275,35,0,0
BRDA:275,35,1,0
BRDA:278,36,0,0
BRDA:278,36,1,0
BRDA:280,37,0,0
BRDA:280,37,1,0
BRDA:301,38,0,0
BRDA:301,38,1,0
BRDA:302,39,0,0
BRDA:302,39,1,0
BRDA:302,40,0,0
BRDA:302,40,1,0
BRF:77
BRH:0
end_of_record
TN:
SF:src\utils\errorLogger.js
FN:1,(anonymous_0)
FNF:1
FNH:0
FNDA:0,(anonymous_0)
DA:1,0
DA:5,0
DA:6,0
DA:11,0
LF:4
LH:0
BRF:0
BRH:0
end_of_record
TN:
SF:src\utils\eventDraftUtils.js
FN:3,(anonymous_0)
FN:16,(anonymous_1)
FN:30,(anonymous_2)
FNF:3
FNH:0
FNDA:0,(anonymous_0)
FNDA:0,(anonymous_1)
FNDA:0,(anonymous_2)
DA:1,0
DA:3,0
DA:6,0
DA:7,0
DA:12,0
DA:16,0
DA:17,0
DA:19,0
DA:21,0
DA:25,0
DA:26,0
DA:30,0
DA:31,0
DA:32,0
DA:36,0
LF:15
LH:0
BRDA:21,0,0,0
BRDA:21,0,1,0
BRF:2
BRH:0
end_of_record
TN:
SF:src\utils\eventUtils.js
FN:1,(anonymous_0)
FN:22,(anonymous_1)
FN:28,(anonymous_2)
FN:35,(anonymous_3)
FN:46,(anonymous_4)
FN:63,(anonymous_5)
FN:72,(anonymous_6)
FNF:7
FNH:0
FNDA:0,(anonymous_0)
FNDA:0,(anonymous_1)
FNDA:0,(anonymous_2)
FNDA:0,(anonymous_3)
FNDA:0,(anonymous_4)
FNDA:0,(anonymous_5)
FNDA:0,(anonymous_6)
DA:1,0
DA:2,0
DA:4,0
DA:6,0
DA:19,0
DA:22,0
DA:23,0
DA:24,0
DA:25,0
DA:28,0
DA:29,0
DA:30,0
DA:31,0
DA:32,0
DA:35,0
DA:36,0
DA:37,0
DA:38,0
DA:40,0
DA:41,0
DA:42,0
DA:43,0
DA:46,0
DA:47,0
DA:49,0
DA:50,0
DA:52,0
DA:53,0
DA:56,0
DA:57,0
DA:60,0
DA:63,0
DA:65,0
DA:69,0
DA:72,0
LF:35
LH:0
BRDA:1,0,0,0
BRDA:2,1,0,0
BRDA:2,1,1,0
BRDA:2,2,0,0
BRDA:2,2,1,0
BRDA:19,3,0,0
BRDA:19,3,1,0
BRDA:23,4,0,0
BRDA:23,4,1,0
BRDA:25,5,0,0
BRDA:25,5,1,0
BRDA:29,6,0,0
BRDA:29,6,1,0
BRDA:36,7,0,0
BRDA:36,7,1,0
BRDA:37,8,0,0
BRDA:37,8,1,0
BRDA:40,9,0,0
BRDA:40,9,1,0
BRDA:41,10,0,0
BRDA:41,10,1,0
BRDA:42,11,0,0
BRDA:42,11,1,0
BRDA:42,12,0,0
BRDA:42,12,1,0
BRDA:47,13,0,0
BRDA:47,13,1,0
BRDA:52,14,0,0
BRDA:52,14,1,0
BRDA:56,15,0,0
BRDA:56,15,1,0
BRDA:60,16,0,0
BRDA:60,16,1,0
BRDA:65,17,0,0
BRDA:65,17,1,0
BRDA:69,18,0,0
BRDA:69,18,1,0
BRF:37
BRH:0
end_of_record
TN:
SF:src\utils\exportCsv.js
FN:1,(anonymous_0)
FN:8,(anonymous_1)
FN:23,(anonymous_2)
FN:31,(anonymous_3)
FN:39,(anonymous_4)
FN:68,(anonymous_5)
FNF:6
FNH:0
FNDA:0,(anonymous_0)
FNDA:0,(anonymous_1)
FNDA:0,(anonymous_2)
FNDA:0,(anonymous_3)
FNDA:0,(anonymous_4)
FNDA:0,(anonymous_5)
DA:1,0
DA:2,0
DA:3,0
DA:5,0
DA:8,0
DA:12,0
DA:13,0
DA:16,0
DA:23,0
DA:24,0
DA:25,0
DA:26,0
DA:28,0
DA:31,0
DA:38,0
DA:40,0
DA:44,0
DA:49,0
DA:52,0
DA:54,0
DA:56,0
DA:61,0
DA:63,0
DA:64,0
DA:66,0
DA:68,0
DA:69,0
LF:27
LH:0
BRDA:2,0,0,0
BRDA:2,0,1,0
BRDA:3,1,0,0
BRDA:3,1,1,0
BRDA:10,2,0,0
BRDA:12,3,0,0
BRDA:12,3,1,0
BRDA:12,4,0,0
BRDA:12,4,1,0
BRDA:24,5,0,0
BRDA:24,5,1,0
BRDA:25,6,0,0
BRDA:25,6,1,0
BRDA:32,7,0,0
BRDA:32,7,1,0
BRDA:33,8,0,0
BRDA:33,8,1,0
BRDA:34,9,0,0
BRDA:34,9,1,0
BRDA:35,10,0,0
BRDA:35,10,1,0
BRF:21
BRH:0
end_of_record
TN:
SF:src\utils\globalErrorHandler.js
FN:2,(anonymous_0)
FN:4,(anonymous_1)
FN:19,(anonymous_2)
FNF:3
FNH:0
FNDA:0,(anonymous_0)
FNDA:0,(anonymous_1)
FNDA:0,(anonymous_2)
DA:2,0
DA:4,0
DA:11,0
DA:18,0
DA:20,0
LF:5
LH:0
BRF:0
BRH:0
end_of_record
TN:
SF:src\utils\highlightMatch.js
FN:3,(anonymous_0)
FN:17,(anonymous_1)
FNF:2
FNH:0
FNDA:0,(anonymous_0)
FNDA:0,(anonymous_1)
DA:3,0
DA:7,0
DA:9,0
DA:14,0
DA:16,0
DA:18,0
LF:6
LH:0
BRDA:7,0,0,0
BRDA:7,0,1,0
BRDA:18,1,0,0
BRDA:18,1,1,0
BRF:4
BRH:0
end_of_record
TN:
SF:src\utils\lenisUtils.js
FN:11,(anonymous_0)
FN:17,(anonymous_1)
FN:27,(anonymous_2)
FN:45,(anonymous_3)
FN:54,(anonymous_4)
FN:64,(anonymous_5)
FNF:6
FNH:0
FNDA:0,(anonymous_0)
FNDA:0,(anonymous_1)
FNDA:0,(anonymous_2)
FNDA:0,(anonymous_3)
FNDA:0,(anonymous_4)
FNDA:0,(anonymous_5)
DA:11,0
DA:12,0
DA:13,0
DA:14,0
DA:17,0
DA:27,0
DA:28,0
DA:29,0
DA:33,0
DA:36,0
DA:45,0
DA:46,0
DA:47,0
DA:54,0
DA:55,0
DA:56,0
DA:64,0
DA:65,0
LF:18
LH:0
BRDA:11,0,0,0
BRDA:13,1,0,0
BRDA:13,1,1,0
BRDA:13,2,0,0
BRDA:13,2,1,0
BRDA:27,3,0,0
BRDA:28,4,0,0
BRDA:28,4,1,0
BRDA:38,5,0,0
BRDA:38,5,1,0
BRDA:46,6,0,0
BRDA:46,6,1,0
BRDA:55,7,0,0
BRDA:55,7,1,0
BRDA:65,8,0,0
BRDA:65,8,1,0
BRF:16
BRH:0
end_of_record
TN:
SF:src\utils\offlineQueue.js
FN:11,(anonymous_0)
FN:12,(anonymous_1)
FN:18,(anonymous_2)
FN:24,(anonymous_3)
FN:25,(anonymous_4)
FN:32,(anonymous_5)
FN:44,(anonymous_6)
FN:47,(anonymous_7)
FN:51,(anonymous_8)
FN:52,(anonymous_9)
FN:63,(anonymous_10)
FN:91,(anonymous_11)
FN:95,(anonymous_12)
FN:96,(anonymous_13)
FN:106,(anonymous_14)
FN:121,(anonymous_15)
FN:126,(anonymous_16)
FN:133,(anonymous_17)
FN:135,(anonymous_18)
FN:139,(anonymous_19)
FN:142,(anonymous_20)
FN:152,(anonymous_21)
FN:163,(anonymous_22)
FN:167,(anonymous_23)
FN:168,(anonymous_24)
FNF:25
FNH:0
FNDA:0,(anonymous_0)
FNDA:0,(anonymous_1)
FNDA:0,(anonymous_2)
FNDA:0,(anonymous_3)
FNDA:0,(anonymous_4)
FNDA:0,(anonymous_5)
FNDA:0,(anonymous_6)
FNDA:0,(anonymous_7)
FNDA:0,(anonymous_8)
FNDA:0,(anonymous_9)
FNDA:0,(anonymous_10)
FNDA:0,(anonymous_11)
FNDA:0,(anonymous_12)
FNDA:0,(anonymous_13)
FNDA:0,(anonymous_14)
FNDA:0,(anonymous_15)
FNDA:0,(anonymous_16)
FNDA:0,(anonymous_17)
FNDA:0,(anonymous_18)
FNDA:0,(anonymous_19)
FNDA:0,(anonymous_20)
FNDA:0,(anonymous_21)
FNDA:0,(anonymous_22)
FNDA:0,(anonymous_23)
FNDA:0,(anonymous_24)
DA:5,0
DA:6,0
DA:7,0
DA:8,0
DA:11,0
DA:12,0
DA:13,0
DA:14,0
DA:15,0
DA:17,0
DA:18,0
DA:19,0
DA:20,0
DA:21,0
DA:24,0
DA:25,0
DA:32,0
DA:33,0
DA:34,0
DA:35,0
DA:37,0
DA:44,0
DA:45,0
DA:46,0
DA:47,0
DA:48,0
DA:49,0
DA:50,0
DA:51,0
DA:52,0
DA:55,0
DA:56,0
DA:63,0
DA:65,0
DA:76,0
DA:77,0
DA:78,0
DA:79,0
DA:81,0
DA:82,0
DA:83,0
DA:85,0
DA:89,0
DA:90,0
DA:91,0
DA:92,0
DA:93,0
DA:94,0
DA:95,0
DA:96,0
DA:99,0
DA:106,0
DA:108,0
DA:109,0
DA:110,0
DA:112,0
DA:115,0
DA:119,0
DA:120,0
DA:121,0
DA:122,0
DA:123,0
DA:125,0
DA:126,0
DA:127,0
DA:128,0
DA:129,0
DA:132,0
DA:133,0
DA:134,0
DA:135,0
DA:136,0
DA:137,0
DA:139,0
DA:142,0
DA:145,0
DA:152,0
DA:154,0
DA:155,0
DA:157,0
DA:161,0
DA:162,0
DA:163,0
DA:164,0
DA:165,0
DA:166,0
DA:167,0
DA:168,0
DA:171,0
LF:89
LH:0
BRDA:13,0,0,0
BRDA:13,0,1,0
BRDA:20,1,0,0
BRDA:20,1,1,0
BRDA:35,2,0,0
BRDA:35,2,1,0
BRDA:51,3,0,0
BRDA:51,3,1,0
BRDA:66,4,0,0
BRDA:66,4,1,0
BRDA:67,5,0,0
BRDA:67,5,1,0
BRDA:68,6,0,0
BRDA:68,6,1,0
BRDA:69,7,0,0
BRDA:69,7,1,0
BRDA:70,8,0,0
BRDA:70,8,1,0
BRDA:71,9,0,0
BRDA:71,9,1,0
BRDA:72,10,0,0
BRDA:72,10,1,0
BRDA:77,11,0,0
BRDA:77,11,1,0
BRDA:109,12,0,0
BRDA:109,12,1,0
BRDA:127,13,0,0
BRDA:127,13,1,0
BRDA:137,14,0,0
BRDA:137,14,1,0
BRF:30
BRH:0
end_of_record
TN:
SF:src\utils\registerUtils.js
FN:3,(anonymous_0)
FN:6,(anonymous_1)
FN:16,(anonymous_2)
FN:28,(anonymous_3)
FN:43,(anonymous_4)
FNF:5
FNH:0
FNDA:0,(anonymous_0)
FNDA:0,(anonymous_1)
FNDA:0,(anonymous_2)
FNDA:0,(anonymous_3)
FNDA:0,(anonymous_4)
DA:1,0
DA:3,0
DA:4,0
DA:6,0
DA:7,0
DA:8,0
DA:9,0
DA:11,0
DA:12,0
DA:16,0
DA:17,0
DA:18,0
DA:28,0
DA:29,0
DA:31,0
DA:32,0
DA:35,0
DA:36,0
DA:40,0
DA:43,0
DA:44,0
DA:46,0
DA:47,0
DA:50,0
DA:51,0
DA:55,0
DA:56,0
DA:57,0
LF:28
LH:0
BRDA:4,0,0,0
BRDA:4,0,1,0
BRDA:9,1,0,0
BRDA:9,1,1,0
BRDA:31,2,0,0
BRDA:31,2,1,0
BRDA:31,3,0,0
BRDA:31,3,1,0
BRDA:36,4,0,0
BRDA:36,4,1,0
BRDA:46,5,0,0
BRDA:46,5,1,0
BRDA:46,6,0,0
BRDA:46,6,1,0
BRDA:51,7,0,0
BRDA:51,7,1,0
BRDA:55,8,0,0
BRDA:55,8,1,0
BRF:18
BRH:0
end_of_record
TN:
SF:src\utils\relativeTime.js
FN:1,getRelativeTime
FN:32,getSmartDateLabel
FNF:2
FNH:0
FNDA:0,getRelativeTime
FNDA:0,getSmartDateLabel
DA:2,0
DA:3,0
DA:5,0
DA:7,0
DA:8,0
DA:9,0
DA:10,0
DA:11,0
DA:13,0
DA:14,0
DA:15,0
DA:16,0
DA:17,0
DA:18,0
DA:19,0
DA:22,0
DA:23,0
DA:24,0
DA:25,0
DA:26,0
DA:27,0
DA:29,0
DA:33,0
DA:37,0
DA:39,0
LF:25
LH:0
BRDA:5,0,0,0
BRDA:5,0,1,0
BRDA:13,1,0,0
BRDA:13,1,1,0
BRDA:14,2,0,0
BRDA:14,2,1,0
BRDA:15,3,0,0
BRDA:15,3,1,0
BRDA:15,4,0,0
BRDA:15,4,1,0
BRDA:16,5,0,0
BRDA:16,5,1,0
BRDA:16,6,0,0
BRDA:16,6,1,0
BRDA:17,7,0,0
BRDA:17,7,1,0
BRDA:18,8,0,0
BRDA:18,8,1,0
BRDA:22,9,0,0
BRDA:22,9,1,0
BRDA:23,10,0,0
BRDA:23,10,1,0
BRDA:23,11,0,0
BRDA:23,11,1,0
BRDA:24,12,0,0
BRDA:24,12,1,0
BRDA:24,13,0,0
BRDA:24,13,1,0
BRDA:25,14,0,0
BRDA:25,14,1,0
BRDA:26,15,0,0
BRDA:26,15,1,0
BRDA:27,16,0,0
BRDA:27,16,1,0
BRDA:27,17,0,0
BRDA:27,17,1,0
BRDA:32,18,0,0
BRDA:34,19,0,0
BRDA:34,19,1,0
BRDA:37,20,0,0
BRDA:37,20,1,0
BRF:41
BRH:0
end_of_record
TN:
SF:src\utils\reminderUtils.js
FN:12,(anonymous_0)
FN:14,(anonymous_1)
FN:17,(anonymous_2)
FN:22,(anonymous_3)
FN:27,(anonymous_4)
FN:28,(anonymous_5)
FN:36,(anonymous_6)
FN:48,(anonymous_7)
FN:59,(anonymous_8)
FN:61,(anonymous_9)
FN:64,(anonymous_10)
FN:68,(anonymous_11)
FN:71,(anonymous_12)
FN:74,(anonymous_13)
FN:78,(anonymous_14)
FN:80,(anonymous_15)
FN:83,(anonymous_16)
FN:100,(anonymous_17)
FN:104,(anonymous_18)
FN:129,(anonymous_19)
FN:131,(anonymous_20)
FN:136,(anonymous_21)
FN:137,(anonymous_22)
FN:142,(anonymous_23)
FN:148,(anonymous_24)
FN:171,(anonymous_25)
FN:172,(anonymous_26)
FN:174,(anonymous_27)
FN:178,(anonymous_28)
FN:187,(anonymous_29)
FNF:30
FNH:0
FNDA:0,(anonymous_0)
FNDA:0,(anonymous_1)
FNDA:0,(anonymous_2)
FNDA:0,(anonymous_3)
FNDA:0,(anonymous_4)
FNDA:0,(anonymous_5)
FNDA:0,(anonymous_6)
FNDA:0,(anonymous_7)
FNDA:0,(anonymous_8)
FNDA:0,(anonymous_9)
FNDA:0,(anonymous_10)
FNDA:0,(anonymous_11)
FNDA:0,(anonymous_12)
FNDA:0,(anonymous_13)
FNDA:0,(anonymous_14)
FNDA:0,(anonymous_15)
FNDA:0,(anonymous_16)
FNDA:0,(anonymous_17)
FNDA:0,(anonymous_18)
FNDA:0,(anonymous_19)
FNDA:0,(anonymous_20)
FNDA:0,(anonymous_21)
FNDA:0,(anonymous_22)
FNDA:0,(anonymous_23)
FNDA:0,(anonymous_24)
FNDA:0,(anonymous_25)
FNDA:0,(anonymous_26)
FNDA:0,(anonymous_27)
FNDA:0,(anonymous_28)
FNDA:0,(anonymous_29)
DA:3,0
DA:4,0
DA:6,0
DA:12,0
DA:14,0
DA:15,0
DA:17,0
DA:18,0
DA:19,0
DA:22,0
DA:23,0
DA:24,0
DA:27,0
DA:28,0
DA:29,0
DA:31,0
DA:33,0
DA:36,0
DA:37,0
DA:39,0
DA:40,0
DA:41,0
DA:42,0
DA:44,0
DA:48,0
DA:49,0
DA:51,0
DA:52,0
DA:53,0
DA:59,0
DA:61,0
DA:62,0
DA:63,0
DA:65,0
DA:66,0
DA:68,0
DA:71,0
DA:72,0
DA:73,0
DA:74,0
DA:78,0
DA:79,0
DA:80,0
DA:83,0
DA:84,0
DA:85,0
DA:88,0
DA:89,0
DA:90,0
DA:93,0
DA:94,0
DA:97,0
DA:98,0
DA:100,0
DA:101,0
DA:104,0
DA:105,0
DA:124,0
DA:125,0
DA:126,0
DA:129,0
DA:130,0
DA:131,0
DA:132,0
DA:133,0
DA:136,0
DA:137,0
DA:138,0
DA:139,0
DA:142,0
DA:143,0
DA:144,0
DA:145,0
DA:146,0
DA:148,0
DA:149,0
DA:150,0
DA:152,0
DA:153,0
DA:156,0
DA:157,0
DA:158,0
DA:161,0
DA:164,0
DA:165,0
DA:168,0
DA:171,0
DA:172,0
DA:174,0
DA:175,0
DA:178,0
DA:179,0
DA:180,0
DA:184,0
DA:185,0
DA:187,0
DA:188,0
DA:189,0
LF:98
LH:0
BRDA:18,0,0,0
BRDA:18,0,1,0
BRDA:24,1,0,0
BRDA:24,1,1,0
BRDA:31,2,0,0
BRDA:31,2,1,0
BRDA:31,3,0,0
BRDA:31,3,1,0
BRDA:37,4,0,0
BRDA:37,4,1,0
BRDA:41,5,0,0
BRDA:41,5,1,0
BRDA:42,6,0,0
BRDA:42,6,1,0
BRDA:49,7,0,0
BRDA:49,7,1,0
BRDA:66,8,0,0
BRDA:66,8,1,0
BRDA:84,9,0,0
BRDA:84,9,1,0
BRDA:89,10,0,0
BRDA:89,10,1,0
BRDA:93,11,0,0
BRDA:93,11,1,0
BRDA:100,12,0,0
BRDA:100,12,1,0
BRDA:109,13,0,0
BRDA:109,13,1,0
BRDA:152,14,0,0
BRDA:152,14,1,0
BRDA:152,15,0,0
BRDA:152,15,1,0
BRDA:156,16,0,0
BRDA:156,16,1,0
BRDA:164,17,0,0
BRDA:164,17,1,0
BRDA:164,18,0,0
BRDA:164,18,1,0
BRDA:172,19,0,0
BRDA:172,19,1,0
BRDA:175,20,0,0
BRDA:175,20,1,0
BRDA:179,21,0,0
BRDA:179,21,1,0
BRF:44
BRH:0
end_of_record
TN:
SF:src\utils\secureStorage.js
FN:58,migrateTokenToSessionStorage
FN:88,(anonymous_1)
FN:103,(anonymous_2)
FN:118,(anonymous_3)
FN:148,(anonymous_4)
FN:163,(anonymous_5)
FN:176,(anonymous_6)
FN:188,(anonymous_7)
FNF:8
FNH:0
FNDA:0,migrateTokenToSessionStorage
FNDA:0,(anonymous_1)
FNDA:0,(anonymous_2)
FNDA:0,(anonymous_3)
FNDA:0,(anonymous_4)
FNDA:0,(anonymous_5)
FNDA:0,(anonymous_6)
FNDA:0,(anonymous_7)
DA:58,0
DA:59,0
DA:60,0
DA:61,0
DA:62,0
DA:64,0
DA:65,0
DA:68,0
DA:88,0
DA:89,0
DA:90,0
DA:92,0
DA:103,0
DA:104,0
DA:105,0
DA:107,0
DA:108,0
DA:118,0
DA:119,0
DA:120,0
DA:122,0
DA:141,0
DA:149,0
DA:150,0
DA:151,0
DA:153,0
DA:154,0
DA:164,0
DA:165,0
DA:167,0
DA:168,0
DA:177,0
DA:178,0
DA:180,0
DA:189,0
DA:190,0
DA:192,0
LF:37
LH:0
BRDA:61,0,0,0
BRDA:61,0,1,0
BRDA:61,1,0,0
BRDA:61,1,1,0
BRDA:64,2,0,0
BRDA:64,2,1,0
BRF:6
BRH:0
end_of_record
TN:
SF:src\utils\shareUtils.js
FN:16,(anonymous_0)
FN:67,(anonymous_1)
FN:111,(anonymous_2)
FNF:3
FNH:0
FNDA:0,(anonymous_0)
FNDA:0,(anonymous_1)
FNDA:0,(anonymous_2)
DA:16,0
DA:17,0
DA:18,0
DA:19,0
DA:20,0
DA:21,0
DA:23,0
DA:25,0
DA:29,0
DA:32,0
DA:35,0
DA:37,0
DA:38,0
DA:41,0
DA:45,0
DA:48,0
DA:51,0
DA:54,0
DA:57,0
DA:67,0
DA:69,0
DA:70,0
DA:73,0
DA:75,0
DA:76,0
DA:79,0
DA:84,0
DA:87,0
DA:95,0
DA:97,0
DA:111,0
DA:112,0
DA:113,0
DA:114,0
DA:115,0
DA:118,0
DA:119,0
DA:120,0
DA:121,0
DA:122,0
DA:123,0
DA:124,0
DA:125,0
DA:126,0
DA:130,0
DA:131,0
LF:46
LH:0
BRDA:20,0,0,0
BRDA:20,0,1,0
BRDA:21,1,0,0
BRDA:21,1,1,0
BRDA:23,2,0,0
BRDA:23,2,1,0
BRDA:23,2,2,0
BRDA:23,2,3,0
BRDA:23,2,4,0
BRDA:23,2,5,0
BRDA:23,2,6,0
BRDA:23,2,7,0
BRDA:23,2,8,0
BRDA:23,2,9,0
BRDA:37,3,0,0
BRDA:37,3,1,0
BRDA:67,4,0,0
BRDA:73,5,0,0
BRDA:73,5,1,0
BRDA:75,6,0,0
BRDA:75,6,1,0
BRDA:95,7,0,0
BRDA:95,7,1,0
BRDA:95,8,0,0
BRDA:95,8,1,0
BRDA:102,9,0,0
BRDA:102,9,1,0
BRDA:113,10,0,0
BRDA:113,10,1,0
BRF:29
BRH:0
end_of_record
TN:
SF:src\utils\timezoneUtils.js
FN:14,(anonymous_0)
FN:27,(anonymous_1)
FN:50,(anonymous_2)
FN:81,(anonymous_3)
FN:122,(anonymous_4)
FN:155,(anonymous_5)
FN:184,(anonymous_6)
FNF:7
FNH:0
FNDA:0,(anonymous_0)
FNDA:0,(anonymous_1)
FNDA:0,(anonymous_2)
FNDA:0,(anonymous_3)
FNDA:0,(anonymous_4)
FNDA:0,(anonymous_5)
FNDA:0,(anonymous_6)
DA:14,0
DA:15,0
DA:16,0
DA:18,0
DA:27,0
DA:28,0
DA:30,0
DA:32,0
DA:50,0
DA:51,0
DA:54,0
DA:57,0
DA:58,0
DA:62,0
DA:63,0
DA:65,0
DA:66,0
DA:67,0
DA:68,0
DA:71,0
DA:81,0
DA:82,0
DA:84,0
DA:87,0
DA:88,0
DA:89,0
DA:90,0
DA:91,0
DA:93,0
DA:94,0
DA:96,0
DA:100,0
DA:101,0
DA:102,0
DA:108,0
DA:122,0
DA:123,0
DA:124,0
DA:125,0
DA:127,0
DA:129,0
DA:130,0
DA:139,0
DA:141,0
DA:144,0
DA:154,0
DA:155,0
DA:158,0
DA:159,0
DA:160,0
DA:161,0
DA:162,0
DA:166,0
DA:169,0
DA:172,0
DA:184,0
DA:185,0
DA:186,0
DA:188,0
DA:190,0
DA:191,0
DA:193,0
LF:62
LH:0
BRDA:16,0,0,0
BRDA:16,0,1,0
BRDA:28,1,0,0
BRDA:28,1,1,0
BRDA:51,2,0,0
BRDA:51,2,1,0
BRDA:54,3,0,0
BRDA:54,3,1,0
BRDA:57,4,0,0
BRDA:57,4,1,0
BRDA:63,5,0,0
BRDA:63,5,1,0
BRDA:82,6,0,0
BRDA:82,6,1,0
BRDA:82,7,0,0
BRDA:82,7,1,0
BRDA:88,8,0,0
BRDA:88,8,1,0
BRDA:93,9,0,0
BRDA:93,9,1,0
BRDA:93,10,0,0
BRDA:93,10,1,0
BRDA:94,11,0,0
BRDA:94,11,1,0
BRDA:94,12,0,0
BRDA:94,12,1,0
BRDA:101,13,0,0
BRDA:101,13,1,0
BRDA:123,14,0,0
BRDA:123,14,1,0
BRDA:127,15,0,0
BRDA:127,15,1,0
BRDA:127,16,0,0
BRDA:127,16,1,0
BRDA:186,17,0,0
BRDA:186,17,1,0
BRDA:188,18,0,0
BRDA:188,18,1,0
BRDA:188,19,0,0
BRDA:188,19,1,0
BRF:40
BRH:0
end_of_record
TN:
SF:src\utils\toast.js
FN:6,showAuthToast
FNF:1
FNH:0
FNDA:0,showAuthToast
DA:3,0
DA:7,0
DA:8,0
LF:3
LH:0
BRF:0
BRH:0
end_of_record
TN:
SF:src\utils\tokenUtils.js
FNF:0
FNH:0
LF:0
LH:0
BRF:0
BRH:0
end_of_record
